
=============================================
STARTING Stage1_Foundation
Episodes: 10000 | LR: 0.0001
Global Episode Offset: 0
=============================================
[ENV] On-the-fly curve generation enabled (base_seed=42)
[Stage1_Foundation] Ep 100 | Avg Rew: -21.26 | Success: 0.00
[Stage1_Foundation] Ep 200 | Avg Rew: -8.34 | Success: 0.02
[Stage1_Foundation] Ep 300 | Avg Rew: -10.45 | Success: 0.00
[Stage1_Foundation] Ep 400 | Avg Rew: -10.98 | Success: 0.00
[Stage1_Foundation] Ep 500 | Avg Rew: -10.75 | Success: 0.00
[Stage1_Foundation] Ep 600 | Avg Rew: -9.73 | Success: 0.00
[Stage1_Foundation] Ep 700 | Avg Rew: -8.71 | Success: 0.04
[Stage1_Foundation] Ep 800 | Avg Rew: -8.11 | Success: 0.06
[Stage1_Foundation] Ep 900 | Avg Rew: -2.96 | Success: 0.13
[Stage1_Foundation] Ep 1000 | Avg Rew: 0.39 | Success: 0.21
[Stage1_Foundation] Ep 1100 | Avg Rew: 2.06 | Success: 0.19
[Stage1_Foundation] Ep 1200 | Avg Rew: 2.28 | Success: 0.16
[Stage1_Foundation] Ep 1300 | Avg Rew: 9.85 | Success: 0.25
[Stage1_Foundation] Ep 1400 | Avg Rew: 4.43 | Success: 0.20
[Stage1_Foundation] Ep 1500 | Avg Rew: 8.92 | Success: 0.27
[Stage1_Foundation] Ep 1600 | Avg Rew: 12.05 | Success: 0.27
[Stage1_Foundation] Ep 1700 | Avg Rew: 8.67 | Success: 0.25
[Stage1_Foundation] Ep 1800 | Avg Rew: 6.68 | Success: 0.22
[Stage1_Foundation] Ep 1900 | Avg Rew: 14.57 | Success: 0.29
[Stage1_Foundation] Ep 2000 | Avg Rew: 11.91 | Success: 0.28
Checkpoint saved: /home/mahsa.geshvadi001/New_Projects/DSA-RL-Tracker/Experiment4_separate_stop_v2/runs/20260104_193235/checkpoints/ckpt_Stage1_Foundation_ep2000.pth
Actor-only weights saved: /home/mahsa.geshvadi001/New_Projects/DSA-RL-Tracker/Experiment4_separate_stop_v2/runs/20260104_193235/checkpoints/actor_Stage1_Foundation_ep2000.pth
[Stage1_Foundation] Ep 2100 | Avg Rew: 10.40 | Success: 0.30
[Stage1_Foundation] Ep 2200 | Avg Rew: 11.43 | Success: 0.32
[Stage1_Foundation] Ep 2300 | Avg Rew: 7.71 | Success: 0.28
[Stage1_Foundation] Ep 2400 | Avg Rew: 9.94 | Success: 0.33
[Stage1_Foundation] Ep 2500 | Avg Rew: 14.10 | Success: 0.30
[Stage1_Foundation] Ep 2600 | Avg Rew: 15.10 | Success: 0.31
[Stage1_Foundation] Ep 2700 | Avg Rew: 13.02 | Success: 0.29
[Stage1_Foundation] Ep 2800 | Avg Rew: 16.06 | Success: 0.35
[Stage1_Foundation] Ep 2900 | Avg Rew: 9.52 | Success: 0.29
[Stage1_Foundation] Ep 3000 | Avg Rew: 15.22 | Success: 0.32
[Stage1_Foundation] Ep 3100 | Avg Rew: 12.67 | Success: 0.33
[Stage1_Foundation] Ep 3200 | Avg Rew: 11.16 | Success: 0.30
[Stage1_Foundation] Ep 3300 | Avg Rew: 8.71 | Success: 0.25
[Stage1_Foundation] Ep 3400 | Avg Rew: 7.39 | Success: 0.29
[Stage1_Foundation] Ep 3500 | Avg Rew: 20.60 | Success: 0.34
[Stage1_Foundation] Ep 3600 | Avg Rew: 17.03 | Success: 0.32
[Stage1_Foundation] Ep 3700 | Avg Rew: 20.35 | Success: 0.41
[Stage1_Foundation] Ep 3800 | Avg Rew: 20.87 | Success: 0.42
[Stage1_Foundation] Ep 3900 | Avg Rew: 17.58 | Success: 0.35
[Stage1_Foundation] Ep 4000 | Avg Rew: 17.64 | Success: 0.38
Checkpoint saved: /home/mahsa.geshvadi001/New_Projects/DSA-RL-Tracker/Experiment4_separate_stop_v2/runs/20260104_193235/checkpoints/ckpt_Stage1_Foundation_ep4000.pth
Actor-only weights saved: /home/mahsa.geshvadi001/New_Projects/DSA-RL-Tracker/Experiment4_separate_stop_v2/runs/20260104_193235/checkpoints/actor_Stage1_Foundation_ep4000.pth
[Stage1_Foundation] Ep 4100 | Avg Rew: 12.83 | Success: 0.30
[Stage1_Foundation] Ep 4200 | Avg Rew: 15.45 | Success: 0.31
[Stage1_Foundation] Ep 4300 | Avg Rew: 22.13 | Success: 0.37
[Stage1_Foundation] Ep 4400 | Avg Rew: 14.82 | Success: 0.36
[Stage1_Foundation] Ep 4500 | Avg Rew: 21.75 | Success: 0.46
[Stage1_Foundation] Ep 4600 | Avg Rew: 22.17 | Success: 0.43
[Stage1_Foundation] Ep 4700 | Avg Rew: 29.19 | Success: 0.47
[Stage1_Foundation] Ep 4800 | Avg Rew: 17.39 | Success: 0.34
[Stage1_Foundation] Ep 4900 | Avg Rew: 30.59 | Success: 0.54
[Stage1_Foundation] Ep 5000 | Avg Rew: 19.95 | Success: 0.35
[Stage1_Foundation] Ep 5100 | Avg Rew: 27.41 | Success: 0.45
[Stage1_Foundation] Ep 5200 | Avg Rew: 34.65 | Success: 0.55
[Stage1_Foundation] Ep 5300 | Avg Rew: 30.42 | Success: 0.52
[Stage1_Foundation] Ep 5400 | Avg Rew: 41.25 | Success: 0.64
[Stage1_Foundation] Ep 5500 | Avg Rew: 28.46 | Success: 0.53
[Stage1_Foundation] Ep 5600 | Avg Rew: 30.33 | Success: 0.56
[Stage1_Foundation] Ep 5700 | Avg Rew: 35.08 | Success: 0.52
[Stage1_Foundation] Ep 5800 | Avg Rew: 27.73 | Success: 0.49
[Stage1_Foundation] Ep 5900 | Avg Rew: 40.39 | Success: 0.65
[Stage1_Foundation] Ep 6000 | Avg Rew: 31.77 | Success: 0.51
Checkpoint saved: /home/mahsa.geshvadi001/New_Projects/DSA-RL-Tracker/Experiment4_separate_stop_v2/runs/20260104_193235/checkpoints/ckpt_Stage1_Foundation_ep6000.pth
Actor-only weights saved: /home/mahsa.geshvadi001/New_Projects/DSA-RL-Tracker/Experiment4_separate_stop_v2/runs/20260104_193235/checkpoints/actor_Stage1_Foundation_ep6000.pth
[Stage1_Foundation] Ep 6100 | Avg Rew: 34.61 | Success: 0.57
[Stage1_Foundation] Ep 6200 | Avg Rew: 32.02 | Success: 0.50
[Stage1_Foundation] Ep 6300 | Avg Rew: 41.40 | Success: 0.66
[Stage1_Foundation] Ep 6400 | Avg Rew: 32.34 | Success: 0.53
[Stage1_Foundation] Ep 6500 | Avg Rew: 33.80 | Success: 0.57
[Stage1_Foundation] Ep 6600 | Avg Rew: 49.21 | Success: 0.77
[Stage1_Foundation] Ep 6700 | Avg Rew: 50.69 | Success: 0.71
[Stage1_Foundation] Ep 6800 | Avg Rew: 46.76 | Success: 0.74
[Stage1_Foundation] Ep 6900 | Avg Rew: 48.22 | Success: 0.77
[Stage1_Foundation] Ep 7000 | Avg Rew: 44.70 | Success: 0.74
[Stage1_Foundation] Ep 7100 | Avg Rew: 50.25 | Success: 0.77
[Stage1_Foundation] Ep 7200 | Avg Rew: 49.84 | Success: 0.76
[Stage1_Foundation] Ep 7300 | Avg Rew: 50.94 | Success: 0.80
[Stage1_Foundation] Ep 7400 | Avg Rew: 50.20 | Success: 0.81
[Stage1_Foundation] Ep 7500 | Avg Rew: 55.07 | Success: 0.85
[Stage1_Foundation] Ep 7600 | Avg Rew: 54.90 | Success: 0.86
[Stage1_Foundation] Ep 7700 | Avg Rew: 61.29 | Success: 0.88
[Stage1_Foundation] Ep 7800 | Avg Rew: 57.22 | Success: 0.90
[Stage1_Foundation] Ep 7900 | Avg Rew: 55.94 | Success: 0.91
[Stage1_Foundation] Ep 8000 | Avg Rew: 56.61 | Success: 0.88
Checkpoint saved: /home/mahsa.geshvadi001/New_Projects/DSA-RL-Tracker/Experiment4_separate_stop_v2/runs/20260104_193235/checkpoints/ckpt_Stage1_Foundation_ep8000.pth
Actor-only weights saved: /home/mahsa.geshvadi001/New_Projects/DSA-RL-Tracker/Experiment4_separate_stop_v2/runs/20260104_193235/checkpoints/actor_Stage1_Foundation_ep8000.pth
[Stage1_Foundation] Ep 8100 | Avg Rew: 56.16 | Success: 0.90
[Stage1_Foundation] Ep 8200 | Avg Rew: 67.06 | Success: 0.94
[Stage1_Foundation] Ep 8300 | Avg Rew: 59.03 | Success: 0.92
[Stage1_Foundation] Ep 8400 | Avg Rew: 65.38 | Success: 0.96
[Stage1_Foundation] Ep 8500 | Avg Rew: 63.36 | Success: 0.92
[Stage1_Foundation] Ep 8600 | Avg Rew: 58.06 | Success: 0.93
[Stage1_Foundation] Ep 8700 | Avg Rew: 64.61 | Success: 0.96
[Stage1_Foundation] Ep 8800 | Avg Rew: 63.48 | Success: 0.94
[Stage1_Foundation] Ep 8900 | Avg Rew: 61.71 | Success: 0.93
[Stage1_Foundation] Ep 9000 | Avg Rew: 65.27 | Success: 0.97
[Stage1_Foundation] Ep 9100 | Avg Rew: 58.32 | Success: 0.86
[Stage1_Foundation] Ep 9200 | Avg Rew: 61.57 | Success: 0.95
[Stage1_Foundation] Ep 9300 | Avg Rew: 61.73 | Success: 0.94
[Stage1_Foundation] Ep 9400 | Avg Rew: 63.15 | Success: 0.94
[Stage1_Foundation] Ep 9500 | Avg Rew: 63.24 | Success: 0.94
[Stage1_Foundation] Ep 9600 | Avg Rew: 64.83 | Success: 0.94
[Stage1_Foundation] Ep 9700 | Avg Rew: 65.08 | Success: 0.96
[Stage1_Foundation] Ep 9800 | Avg Rew: 65.85 | Success: 0.96
[Stage1_Foundation] Ep 9900 | Avg Rew: 68.13 | Success: 0.96
[Stage1_Foundation] Ep 10000 | Avg Rew: 65.39 | Success: 0.93
Checkpoint saved: /home/mahsa.geshvadi001/New_Projects/DSA-RL-Tracker/Experiment4_separate_stop_v2/runs/20260104_193235/checkpoints/ckpt_Stage1_Foundation_ep10000.pth
Actor-only weights saved: /home/mahsa.geshvadi001/New_Projects/DSA-RL-Tracker/Experiment4_separate_stop_v2/runs/20260104_193235/checkpoints/actor_Stage1_Foundation_ep10000.pth
Finished Stage1_Foundation. Saved model to /home/mahsa.geshvadi001/New_Projects/DSA-RL-Tracker/Experiment4_separate_stop_v2/runs/20260104_193235/weights/model_Stage1_Foundation_FINAL.pth
✅ Added Stage1_Foundation to previous stages pool (total: 1 stages)
Actor-only weights saved: /home/mahsa.geshvadi001/New_Projects/DSA-RL-Tracker/Experiment4_separate_stop_v2/runs/20260104_193235/weights/actor_Stage1_Foundation_FINAL.pth

=============================================
STARTING Stage2_Curvature
Episodes: 12000 | LR: 0.0001
Global Episode Offset: 20000
=============================================
[ENV] On-the-fly curve generation enabled (base_seed=42)
[Stage2_Curvature] Ep 100 | Avg Rew: 64.71 | Success: 0.88 [Prev: 1]
[Stage2_Curvature] Ep 200 | Avg Rew: 57.47 | Success: 0.86 [Prev: 1]
[Stage2_Curvature] Ep 300 | Avg Rew: 63.68 | Success: 0.91 [Prev: 1]
[Stage2_Curvature] Ep 400 | Avg Rew: 66.36 | Success: 0.88 [Prev: 1]
[Stage2_Curvature] Ep 500 | Avg Rew: 60.42 | Success: 0.87 [Prev: 1]

🔍 Evaluating on 1 previous stage(s) to check for forgetting...
[ENV] On-the-fly curve generation enabled (base_seed=42)
   Stage1_Foundation: Success=0.80, Return=61.57

[Stage2_Curvature] Ep 600 | Avg Rew: 64.97 | Success: 0.94 [Prev: 1]
[Stage2_Curvature] Ep 700 | Avg Rew: 66.25 | Success: 0.92 [Prev: 1]
[Stage2_Curvature] Ep 800 | Avg Rew: 68.72 | Success: 1.00 [Prev: 1]
[Stage2_Curvature] Ep 900 | Avg Rew: 65.36 | Success: 0.90 [Prev: 1]
[Stage2_Curvature] Ep 1000 | Avg Rew: 62.68 | Success: 0.87 [Prev: 1]

🔍 Evaluating on 1 previous stage(s) to check for forgetting...
[ENV] On-the-fly curve generation enabled (base_seed=42)
   Stage1_Foundation: Success=1.00, Return=71.66

[Stage2_Curvature] Ep 1100 | Avg Rew: 67.72 | Success: 0.93 [Prev: 1]
[Stage2_Curvature] Ep 1200 | Avg Rew: 60.52 | Success: 0.89 [Prev: 1]
[Stage2_Curvature] Ep 1300 | Avg Rew: 71.12 | Success: 0.97 [Prev: 1]
[Stage2_Curvature] Ep 1400 | Avg Rew: 68.35 | Success: 0.96 [Prev: 1]
[Stage2_Curvature] Ep 1500 | Avg Rew: 60.87 | Success: 0.91 [Prev: 1]

🔍 Evaluating on 1 previous stage(s) to check for forgetting...
[ENV] On-the-fly curve generation enabled (base_seed=42)
   Stage1_Foundation: Success=1.00, Return=80.06

[Stage2_Curvature] Ep 1600 | Avg Rew: 63.48 | Success: 0.95 [Prev: 1]
[Stage2_Curvature] Ep 1700 | Avg Rew: 63.29 | Success: 0.95 [Prev: 1]
   🔄 Anti-forgetting: Training on previous stage 'Stage1_Foundation'
[Stage2_Curvature] Ep 1800 | Avg Rew: 65.52 | Success: 0.92 [Prev: 1]
[Stage2_Curvature] Ep 1900 | Avg Rew: 66.55 | Success: 0.97 [Prev: 1]
[Stage2_Curvature] Ep 2000 | Avg Rew: 70.23 | Success: 0.92 [Prev: 1]

🔍 Evaluating on 1 previous stage(s) to check for forgetting...
[ENV] On-the-fly curve generation enabled (base_seed=42)
   Stage1_Foundation: Success=1.00, Return=78.55

Checkpoint saved: /home/mahsa.geshvadi001/New_Projects/DSA-RL-Tracker/Experiment4_separate_stop_v2/runs/20260104_193235/checkpoints/ckpt_Stage2_Curvature_ep2000.pth
Actor-only weights saved: /home/mahsa.geshvadi001/New_Projects/DSA-RL-Tracker/Experiment4_separate_stop_v2/runs/20260104_193235/checkpoints/actor_Stage2_Curvature_ep2000.pth
   🔄 Anti-forgetting: Training on previous stage 'Stage1_Foundation'
[Stage2_Curvature] Ep 2100 | Avg Rew: 65.02 | Success: 0.93 [Prev: 1]
[Stage2_Curvature] Ep 2200 | Avg Rew: 65.65 | Success: 0.92 [Prev: 1]
[Stage2_Curvature] Ep 2300 | Avg Rew: 70.70 | Success: 0.96 [Prev: 1]
[Stage2_Curvature] Ep 2400 | Avg Rew: 67.39 | Success: 0.96 [Prev: 1]
[Stage2_Curvature] Ep 2500 | Avg Rew: 67.47 | Success: 0.96 [Prev: 1]

🔍 Evaluating on 1 previous stage(s) to check for forgetting...
[ENV] On-the-fly curve generation enabled (base_seed=42)
   Stage1_Foundation: Success=1.00, Return=81.26

[Stage2_Curvature] Ep 2600 | Avg Rew: 66.03 | Success: 0.93 [Prev: 1]
[Stage2_Curvature] Ep 2700 | Avg Rew: 71.76 | Success: 0.93 [Prev: 1]
   🔄 Anti-forgetting: Training on previous stage 'Stage1_Foundation'
[Stage2_Curvature] Ep 2800 | Avg Rew: 72.73 | Success: 0.96 [Prev: 1]
[Stage2_Curvature] Ep 2900 | Avg Rew: 72.68 | Success: 0.96 [Prev: 1]
[Stage2_Curvature] Ep 3000 | Avg Rew: 67.02 | Success: 0.91 [Prev: 1]

🔍 Evaluating on 1 previous stage(s) to check for forgetting...
[ENV] On-the-fly curve generation enabled (base_seed=42)
   Stage1_Foundation: Success=1.00, Return=85.22

[Stage2_Curvature] Ep 3100 | Avg Rew: 72.62 | Success: 0.95 [Prev: 1]
[Stage2_Curvature] Ep 3200 | Avg Rew: 66.31 | Success: 0.93 [Prev: 1]
[Stage2_Curvature] Ep 3300 | Avg Rew: 67.59 | Success: 0.96 [Prev: 1]
   🔄 Anti-forgetting: Training on previous stage 'Stage1_Foundation'
[Stage2_Curvature] Ep 3400 | Avg Rew: 69.67 | Success: 0.94 [Prev: 1]
[Stage2_Curvature] Ep 3500 | Avg Rew: 72.41 | Success: 0.97 [Prev: 1]

🔍 Evaluating on 1 previous stage(s) to check for forgetting...
[ENV] On-the-fly curve generation enabled (base_seed=42)
   Stage1_Foundation: Success=1.00, Return=85.99

[Stage2_Curvature] Ep 3600 | Avg Rew: 67.95 | Success: 0.94 [Prev: 1]
[Stage2_Curvature] Ep 3700 | Avg Rew: 69.11 | Success: 0.96 [Prev: 1]
[Stage2_Curvature] Ep 3800 | Avg Rew: 69.82 | Success: 0.95 [Prev: 1]
[Stage2_Curvature] Ep 3900 | Avg Rew: 64.63 | Success: 0.98 [Prev: 1]
[Stage2_Curvature] Ep 4000 | Avg Rew: 74.63 | Success: 0.98 [Prev: 1]

🔍 Evaluating on 1 previous stage(s) to check for forgetting...
[ENV] On-the-fly curve generation enabled (base_seed=42)
   Stage1_Foundation: Success=1.00, Return=85.78

Checkpoint saved: /home/mahsa.geshvadi001/New_Projects/DSA-RL-Tracker/Experiment4_separate_stop_v2/runs/20260104_193235/checkpoints/ckpt_Stage2_Curvature_ep4000.pth
Actor-only weights saved: /home/mahsa.geshvadi001/New_Projects/DSA-RL-Tracker/Experiment4_separate_stop_v2/runs/20260104_193235/checkpoints/actor_Stage2_Curvature_ep4000.pth
[Stage2_Curvature] Ep 4100 | Avg Rew: 74.50 | Success: 0.97 [Prev: 1]
[Stage2_Curvature] Ep 4200 | Avg Rew: 67.50 | Success: 0.95 [Prev: 1]
[Stage2_Curvature] Ep 4300 | Avg Rew: 70.00 | Success: 0.97 [Prev: 1]
[Stage2_Curvature] Ep 4400 | Avg Rew: 70.21 | Success: 0.96 [Prev: 1]
[Stage2_Curvature] Ep 4500 | Avg Rew: 66.55 | Success: 0.94 [Prev: 1]

🔍 Evaluating on 1 previous stage(s) to check for forgetting...
[ENV] On-the-fly curve generation enabled (base_seed=42)
   Stage1_Foundation: Success=1.00, Return=88.50

   🔄 Anti-forgetting: Training on previous stage 'Stage1_Foundation'
[Stage2_Curvature] Ep 4600 | Avg Rew: 70.38 | Success: 0.96 [Prev: 1]
[Stage2_Curvature] Ep 4700 | Avg Rew: 71.86 | Success: 0.97 [Prev: 1]
[Stage2_Curvature] Ep 4800 | Avg Rew: 74.86 | Success: 0.97 [Prev: 1]
[Stage2_Curvature] Ep 4900 | Avg Rew: 71.07 | Success: 0.99 [Prev: 1]
[Stage2_Curvature] Ep 5000 | Avg Rew: 71.85 | Success: 0.95 [Prev: 1]

🔍 Evaluating on 1 previous stage(s) to check for forgetting...
[ENV] On-the-fly curve generation enabled (base_seed=42)
   Stage1_Foundation: Success=1.00, Return=86.11

[Stage2_Curvature] Ep 5100 | Avg Rew: 69.33 | Success: 0.96 [Prev: 1]
[Stage2_Curvature] Ep 5200 | Avg Rew: 76.18 | Success: 0.98 [Prev: 1]
[Stage2_Curvature] Ep 5300 | Avg Rew: 74.63 | Success: 0.94 [Prev: 1]
[Stage2_Curvature] Ep 5400 | Avg Rew: 72.62 | Success: 0.97 [Prev: 1]
[Stage2_Curvature] Ep 5500 | Avg Rew: 73.16 | Success: 0.96 [Prev: 1]

🔍 Evaluating on 1 previous stage(s) to check for forgetting...
[ENV] On-the-fly curve generation enabled (base_seed=42)
   Stage1_Foundation: Success=1.00, Return=88.17

[Stage2_Curvature] Ep 5600 | Avg Rew: 74.83 | Success: 0.99 [Prev: 1]
[Stage2_Curvature] Ep 5700 | Avg Rew: 75.43 | Success: 0.99 [Prev: 1]
[Stage2_Curvature] Ep 5800 | Avg Rew: 72.76 | Success: 0.97 [Prev: 1]
[Stage2_Curvature] Ep 5900 | Avg Rew: 74.61 | Success: 0.97 [Prev: 1]
   🔄 Anti-forgetting: Training on previous stage 'Stage1_Foundation'
[Stage2_Curvature] Ep 6000 | Avg Rew: 74.67 | Success: 0.96 [Prev: 1]

🔍 Evaluating on 1 previous stage(s) to check for forgetting...
[ENV] On-the-fly curve generation enabled (base_seed=42)
   Stage1_Foundation: Success=1.00, Return=85.59

Checkpoint saved: /home/mahsa.geshvadi001/New_Projects/DSA-RL-Tracker/Experiment4_separate_stop_v2/runs/20260104_193235/checkpoints/ckpt_Stage2_Curvature_ep6000.pth
Actor-only weights saved: /home/mahsa.geshvadi001/New_Projects/DSA-RL-Tracker/Experiment4_separate_stop_v2/runs/20260104_193235/checkpoints/actor_Stage2_Curvature_ep6000.pth
[Stage2_Curvature] Ep 6100 | Avg Rew: 69.43 | Success: 0.92 [Prev: 1]
[Stage2_Curvature] Ep 6200 | Avg Rew: 73.49 | Success: 0.96 [Prev: 1]
[Stage2_Curvature] Ep 6300 | Avg Rew: 75.33 | Success: 0.96 [Prev: 1]
   🔄 Anti-forgetting: Training on previous stage 'Stage1_Foundation'
[Stage2_Curvature] Ep 6400 | Avg Rew: 76.23 | Success: 0.97 [Prev: 1]
   🔄 Anti-forgetting: Training on previous stage 'Stage1_Foundation'
[Stage2_Curvature] Ep 6500 | Avg Rew: 74.17 | Success: 0.94 [Prev: 1]

🔍 Evaluating on 1 previous stage(s) to check for forgetting...
[ENV] On-the-fly curve generation enabled (base_seed=42)
   Stage1_Foundation: Success=1.00, Return=80.68

