
=============================================
STARTING Stage1_Bootstrap
Episodes: 8000 | LR: 0.0001
Curves Directory: generated_curves/stage1
=============================================
[ENV] Loaded 1000 pre-generated curves from /Users/mahsaabadian/Documents/GitHub/Mahsa's/MazeRL/DSA_RL/Experiment1/generated_curves/stage1

[ENV] Config Updated for Stage 1:
      Width: (2, 4), Noise: 0.0
      Tissue: False, Strict Stop: False
[Stage1_Bootstrap] Ep 100 | Avg Rew: -14.31 | Success: 0.00
[Stage1_Bootstrap] Ep 200 | Avg Rew: -11.99 | Success: 0.00
[Stage1_Bootstrap] Ep 300 | Avg Rew: -10.97 | Success: 0.00
[Stage1_Bootstrap] Ep 400 | Avg Rew: -11.81 | Success: 0.00
[Stage1_Bootstrap] Ep 500 | Avg Rew: -9.23 | Success: 0.01
[Stage1_Bootstrap] Ep 600 | Avg Rew: -10.32 | Success: 0.00
[Stage1_Bootstrap] Ep 700 | Avg Rew: -9.48 | Success: 0.01
[Stage1_Bootstrap] Ep 800 | Avg Rew: -9.11 | Success: 0.01
[Stage1_Bootstrap] Ep 900 | Avg Rew: -8.05 | Success: 0.02
[Stage1_Bootstrap] Ep 1000 | Avg Rew: -8.66 | Success: 0.00
[Stage1_Bootstrap] Ep 1100 | Avg Rew: -6.49 | Success: 0.02
[Stage1_Bootstrap] Ep 1200 | Avg Rew: -5.18 | Success: 0.06
[Stage1_Bootstrap] Ep 1300 | Avg Rew: -3.03 | Success: 0.08
[Stage1_Bootstrap] Ep 1400 | Avg Rew: -5.67 | Success: 0.04
[Stage1_Bootstrap] Ep 1500 | Avg Rew: -4.03 | Success: 0.08
[Stage1_Bootstrap] Ep 1600 | Avg Rew: -1.71 | Success: 0.09
[Stage1_Bootstrap] Ep 1700 | Avg Rew: 1.34 | Success: 0.15
[Stage1_Bootstrap] Ep 1800 | Avg Rew: 4.63 | Success: 0.20
[Stage1_Bootstrap] Ep 1900 | Avg Rew: 4.13 | Success: 0.17
[Stage1_Bootstrap] Ep 2000 | Avg Rew: 7.40 | Success: 0.20
Checkpoint saved: /Users/mahsaabadian/Documents/GitHub/Mahsa's/MazeRL/DSA_RL/Experiment1/runs/20251222_140520/checkpoints/ckpt_Stage1_Bootstrap_ep2000.pth
[Stage1_Bootstrap] Ep 2100 | Avg Rew: 1.15 | Success: 0.12
[Stage1_Bootstrap] Ep 2200 | Avg Rew: 1.38 | Success: 0.15
[Stage1_Bootstrap] Ep 2300 | Avg Rew: 0.63 | Success: 0.16
[Stage1_Bootstrap] Ep 2400 | Avg Rew: 2.77 | Success: 0.20
[Stage1_Bootstrap] Ep 2500 | Avg Rew: 5.64 | Success: 0.21
[Stage1_Bootstrap] Ep 2600 | Avg Rew: 6.25 | Success: 0.22
[Stage1_Bootstrap] Ep 2700 | Avg Rew: 8.52 | Success: 0.25
[Stage1_Bootstrap] Ep 2800 | Avg Rew: 3.02 | Success: 0.20
[Stage1_Bootstrap] Ep 2900 | Avg Rew: 15.25 | Success: 0.24
[Stage1_Bootstrap] Ep 3000 | Avg Rew: 13.12 | Success: 0.26
[Stage1_Bootstrap] Ep 3100 | Avg Rew: 5.80 | Success: 0.18
[Stage1_Bootstrap] Ep 3200 | Avg Rew: 5.48 | Success: 0.18
[Stage1_Bootstrap] Ep 3300 | Avg Rew: 12.99 | Success: 0.29
[Stage1_Bootstrap] Ep 3400 | Avg Rew: 13.91 | Success: 0.30
[Stage1_Bootstrap] Ep 3500 | Avg Rew: 14.83 | Success: 0.25
[Stage1_Bootstrap] Ep 3600 | Avg Rew: 23.57 | Success: 0.34
[Stage1_Bootstrap] Ep 3700 | Avg Rew: 9.34 | Success: 0.21
[Stage1_Bootstrap] Ep 3800 | Avg Rew: 17.82 | Success: 0.33
[Stage1_Bootstrap] Ep 3900 | Avg Rew: 18.43 | Success: 0.32
[Stage1_Bootstrap] Ep 4000 | Avg Rew: 14.87 | Success: 0.29
Checkpoint saved: /Users/mahsaabadian/Documents/GitHub/Mahsa's/MazeRL/DSA_RL/Experiment1/runs/20251222_140520/checkpoints/ckpt_Stage1_Bootstrap_ep4000.pth
[Stage1_Bootstrap] Ep 4100 | Avg Rew: 11.68 | Success: 0.31
[Stage1_Bootstrap] Ep 4200 | Avg Rew: 14.50 | Success: 0.33
[Stage1_Bootstrap] Ep 4300 | Avg Rew: 18.37 | Success: 0.32
[Stage1_Bootstrap] Ep 4400 | Avg Rew: 18.67 | Success: 0.31
[Stage1_Bootstrap] Ep 4500 | Avg Rew: 25.89 | Success: 0.44
[Stage1_Bootstrap] Ep 4600 | Avg Rew: 22.39 | Success: 0.37
[Stage1_Bootstrap] Ep 4700 | Avg Rew: 20.21 | Success: 0.33
[Stage1_Bootstrap] Ep 4800 | Avg Rew: 21.46 | Success: 0.37
[Stage1_Bootstrap] Ep 4900 | Avg Rew: 27.61 | Success: 0.38
[Stage1_Bootstrap] Ep 5000 | Avg Rew: 24.81 | Success: 0.42
[Stage1_Bootstrap] Ep 5100 | Avg Rew: 21.65 | Success: 0.32
[Stage1_Bootstrap] Ep 5200 | Avg Rew: 22.09 | Success: 0.38
[Stage1_Bootstrap] Ep 5300 | Avg Rew: 23.29 | Success: 0.37
[Stage1_Bootstrap] Ep 5400 | Avg Rew: 23.63 | Success: 0.35
[Stage1_Bootstrap] Ep 5500 | Avg Rew: 21.58 | Success: 0.37
[Stage1_Bootstrap] Ep 5600 | Avg Rew: 22.23 | Success: 0.38
[Stage1_Bootstrap] Ep 5700 | Avg Rew: 23.54 | Success: 0.39
[Stage1_Bootstrap] Ep 5800 | Avg Rew: 28.94 | Success: 0.40
[Stage1_Bootstrap] Ep 5900 | Avg Rew: 28.49 | Success: 0.34
[Stage1_Bootstrap] Ep 6000 | Avg Rew: 22.78 | Success: 0.34
Checkpoint saved: /Users/mahsaabadian/Documents/GitHub/Mahsa's/MazeRL/DSA_RL/Experiment1/runs/20251222_140520/checkpoints/ckpt_Stage1_Bootstrap_ep6000.pth
[Stage1_Bootstrap] Ep 6100 | Avg Rew: 35.00 | Success: 0.52
[Stage1_Bootstrap] Ep 6200 | Avg Rew: 26.94 | Success: 0.37
[Stage1_Bootstrap] Ep 6300 | Avg Rew: 28.08 | Success: 0.42
[Stage1_Bootstrap] Ep 6400 | Avg Rew: 32.53 | Success: 0.49
[Stage1_Bootstrap] Ep 6500 | Avg Rew: 28.45 | Success: 0.40
[Stage1_Bootstrap] Ep 6600 | Avg Rew: 30.19 | Success: 0.44
[Stage1_Bootstrap] Ep 6700 | Avg Rew: 28.57 | Success: 0.40
[Stage1_Bootstrap] Ep 6800 | Avg Rew: 26.82 | Success: 0.41
