Loading checkpoint: ../../Experiment1/runs/20260102_174407/weights/model_Stage9_NoisyImages_FINAL.pth
✅ Checkpoint loaded successfully
✅ Loaded existing metrics

⏭️  Skipping Stage1_Foundation (already completed)

⏭️  Skipping Stage2_Curvature (already completed)

⏭️  Skipping Stage3_ThinPaths (already completed)

⏭️  Skipping Stage4_LowIntensity (already completed)

⏭️  Skipping Stage5_ThinAndFaint (already completed)

⏭️  Skipping Stage6_VeryThinAndVeryFaint (already completed)

⏭️  Skipping Stage7_ExtremelyLowIntensity (already completed)

⏭️  Skipping Stage8_HighBackground (already completed)

⏭️  Skipping Stage9_NoisyImages (already completed)

=============================================
STARTING Stage10_ComplexCurves
Episodes: 15000 | LR: 5e-05
Global Episode Offset: 143000
=============================================
[ENV] On-the-fly curve generation enabled (base_seed=42)
[Stage10_ComplexCurves] Ep 100 | Avg Rew: -5.29 | Success: 0.00 [Prev: 9]
   🔄 Anti-forgetting: Training on previous stage 'Stage3_ThinPaths'
[Stage10_ComplexCurves] Ep 200 | Avg Rew: -1.08 | Success: 0.02 [Prev: 9]
[Stage10_ComplexCurves] Ep 300 | Avg Rew: -4.11 | Success: 0.00 [Prev: 9]
[Stage10_ComplexCurves] Ep 400 | Avg Rew: -2.82 | Success: 0.01 [Prev: 9]
   🔄 Anti-forgetting: Training on previous stage 'Stage7_ExtremelyLowIntensity'
[Stage10_ComplexCurves] Ep 500 | Avg Rew: -2.12 | Success: 0.03 [Prev: 9]

🔍 Evaluating on 9 previous stage(s) to check for forgetting...
[ENV] On-the-fly curve generation enabled (base_seed=42)
   Stage1_Foundation: Success=0.00, Return=-12.52
[ENV] On-the-fly curve generation enabled (base_seed=42)
   Stage2_Curvature: Success=0.00, Return=-5.60
[ENV] On-the-fly curve generation enabled (base_seed=42)
   Stage3_ThinPaths: Success=0.00, Return=-5.45
[ENV] On-the-fly curve generation enabled (base_seed=42)
   Stage4_LowIntensity: Success=0.00, Return=-5.91
[ENV] On-the-fly curve generation enabled (base_seed=42)
   Stage5_ThinAndFaint: Success=0.00, Return=-2.36
[ENV] On-the-fly curve generation enabled (base_seed=42)
   Stage6_VeryThinAndVeryFaint: Success=0.00, Return=-5.19
[ENV] On-the-fly curve generation enabled (base_seed=42)
   Stage7_ExtremelyLowIntensity: Success=0.00, Return=-8.03
[ENV] On-the-fly curve generation enabled (base_seed=42)
   Stage8_HighBackground: Success=0.00, Return=-0.64
[ENV] On-the-fly curve generation enabled (base_seed=42)
   Stage9_NoisyImages: Success=0.00, Return=-0.85

[Stage10_ComplexCurves] Ep 600 | Avg Rew: 0.58 | Success: 0.01 [Prev: 9]
[Stage10_ComplexCurves] Ep 700 | Avg Rew: 3.82 | Success: 0.02 [Prev: 9]
[Stage10_ComplexCurves] Ep 800 | Avg Rew: -0.46 | Success: 0.02 [Prev: 9]
[Stage10_ComplexCurves] Ep 900 | Avg Rew: -0.20 | Success: 0.03 [Prev: 9]
[Stage10_ComplexCurves] Ep 1000 | Avg Rew: 1.19 | Success: 0.02 [Prev: 9]

🔍 Evaluating on 9 previous stage(s) to check for forgetting...
[ENV] On-the-fly curve generation enabled (base_seed=42)
   Stage1_Foundation: Success=0.00, Return=-10.14
[ENV] On-the-fly curve generation enabled (base_seed=42)
   Stage2_Curvature: Success=0.00, Return=-5.59
[ENV] On-the-fly curve generation enabled (base_seed=42)
   Stage3_ThinPaths: Success=0.00, Return=-4.71
[ENV] On-the-fly curve generation enabled (base_seed=42)
   Stage4_LowIntensity: Success=0.00, Return=-4.94
[ENV] On-the-fly curve generation enabled (base_seed=42)
   Stage5_ThinAndFaint: Success=0.00, Return=-5.45
[ENV] On-the-fly curve generation enabled (base_seed=42)
   Stage6_VeryThinAndVeryFaint: Success=0.00, Return=-11.55
[ENV] On-the-fly curve generation enabled (base_seed=42)
   Stage7_ExtremelyLowIntensity: Success=0.00, Return=-10.38
[ENV] On-the-fly curve generation enabled (base_seed=42)
   Stage8_HighBackground: Success=0.00, Return=-1.46
[ENV] On-the-fly curve generation enabled (base_seed=42)
   Stage9_NoisyImages: Success=0.10, Return=9.96

[Stage10_ComplexCurves] Ep 1100 | Avg Rew: -1.72 | Success: 0.03 [Prev: 9]
[Stage10_ComplexCurves] Ep 1200 | Avg Rew: 4.47 | Success: 0.02 [Prev: 9]
[Stage10_ComplexCurves] Ep 1300 | Avg Rew: 6.54 | Success: 0.02 [Prev: 9]
[Stage10_ComplexCurves] Ep 1400 | Avg Rew: 8.09 | Success: 0.02 [Prev: 9]
[Stage10_ComplexCurves] Ep 1500 | Avg Rew: 4.78 | Success: 0.05 [Prev: 9]

🔍 Evaluating on 9 previous stage(s) to check for forgetting...
[ENV] On-the-fly curve generation enabled (base_seed=42)
   Stage1_Foundation: Success=0.00, Return=-10.09
[ENV] On-the-fly curve generation enabled (base_seed=42)
   Stage2_Curvature: Success=0.00, Return=-9.01
[ENV] On-the-fly curve generation enabled (base_seed=42)
   Stage3_ThinPaths: Success=0.00, Return=-3.24
[ENV] On-the-fly curve generation enabled (base_seed=42)
   Stage4_LowIntensity: Success=0.00, Return=-6.87
[ENV] On-the-fly curve generation enabled (base_seed=42)
   Stage5_ThinAndFaint: Success=0.10, Return=4.24
[ENV] On-the-fly curve generation enabled (base_seed=42)
   Stage6_VeryThinAndVeryFaint: Success=0.00, Return=-14.30
[ENV] On-the-fly curve generation enabled (base_seed=42)
   Stage7_ExtremelyLowIntensity: Success=0.00, Return=-14.30
[ENV] On-the-fly curve generation enabled (base_seed=42)
   Stage8_HighBackground: Success=0.10, Return=5.11
[ENV] On-the-fly curve generation enabled (base_seed=42)
   Stage9_NoisyImages: Success=0.10, Return=12.35

[Stage10_ComplexCurves] Ep 1600 | Avg Rew: 0.93 | Success: 0.05 [Prev: 9]
[Stage10_ComplexCurves] Ep 1700 | Avg Rew: 5.48 | Success: 0.01 [Prev: 9]
[Stage10_ComplexCurves] Ep 1800 | Avg Rew: 1.46 | Success: 0.02 [Prev: 9]
   🔄 Anti-forgetting: Training on previous stage 'Stage7_ExtremelyLowIntensity'
[Stage10_ComplexCurves] Ep 1900 | Avg Rew: 0.79 | Success: 0.00 [Prev: 9]
   🔄 Anti-forgetting: Training on previous stage 'Stage4_LowIntensity'
[Stage10_ComplexCurves] Ep 2000 | Avg Rew: 2.35 | Success: 0.04 [Prev: 9]

🔍 Evaluating on 9 previous stage(s) to check for forgetting...
[ENV] On-the-fly curve generation enabled (base_seed=42)
   Stage1_Foundation: Success=0.00, Return=-10.53
[ENV] On-the-fly curve generation enabled (base_seed=42)
   Stage2_Curvature: Success=0.00, Return=-2.48
[ENV] On-the-fly curve generation enabled (base_seed=42)
   Stage3_ThinPaths: Success=0.00, Return=-4.12
[ENV] On-the-fly curve generation enabled (base_seed=42)
   Stage4_LowIntensity: Success=0.00, Return=-5.83
[ENV] On-the-fly curve generation enabled (base_seed=42)
   Stage5_ThinAndFaint: Success=0.00, Return=-6.72
[ENV] On-the-fly curve generation enabled (base_seed=42)
   Stage6_VeryThinAndVeryFaint: Success=0.00, Return=-8.24
[ENV] On-the-fly curve generation enabled (base_seed=42)
   Stage7_ExtremelyLowIntensity: Success=0.00, Return=-9.51
[ENV] On-the-fly curve generation enabled (base_seed=42)
   Stage8_HighBackground: Success=0.10, Return=11.81
[ENV] On-the-fly curve generation enabled (base_seed=42)
   Stage9_NoisyImages: Success=0.00, Return=0.04

Checkpoint saved: /home/mahsa.geshvadi001/New_Projects/DSA-RL-Tracker/Experiment1/runs/20260102_174407/checkpoints/ckpt_Stage10_ComplexCurves_ep2000.pth
Actor-only weights saved: /home/mahsa.geshvadi001/New_Projects/DSA-RL-Tracker/Experiment1/runs/20260102_174407/checkpoints/actor_Stage10_ComplexCurves_ep2000.pth
[Stage10_ComplexCurves] Ep 2100 | Avg Rew: 1.35 | Success: 0.03 [Prev: 9]
[Stage10_ComplexCurves] Ep 2200 | Avg Rew: 3.71 | Success: 0.03 [Prev: 9]
   🔄 Anti-forgetting: Training on previous stage 'Stage1_Foundation'
[Stage10_ComplexCurves] Ep 2300 | Avg Rew: 9.47 | Success: 0.09 [Prev: 9]
[Stage10_ComplexCurves] Ep 2400 | Avg Rew: 1.72 | Success: 0.06 [Prev: 9]
[Stage10_ComplexCurves] Ep 2500 | Avg Rew: 3.31 | Success: 0.05 [Prev: 9]

🔍 Evaluating on 9 previous stage(s) to check for forgetting...
[ENV] On-the-fly curve generation enabled (base_seed=42)
   Stage1_Foundation: Success=0.00, Return=-9.80
[ENV] On-the-fly curve generation enabled (base_seed=42)
   Stage2_Curvature: Success=0.00, Return=-5.32
[ENV] On-the-fly curve generation enabled (base_seed=42)
   Stage3_ThinPaths: Success=0.10, Return=12.71
[ENV] On-the-fly curve generation enabled (base_seed=42)
   Stage4_LowIntensity: Success=0.10, Return=7.45
[ENV] On-the-fly curve generation enabled (base_seed=42)
   Stage5_ThinAndFaint: Success=0.10, Return=13.02
[ENV] On-the-fly curve generation enabled (base_seed=42)
   Stage6_VeryThinAndVeryFaint: Success=0.10, Return=1.29
[ENV] On-the-fly curve generation enabled (base_seed=42)
   Stage7_ExtremelyLowIntensity: Success=0.00, Return=-12.87
[ENV] On-the-fly curve generation enabled (base_seed=42)
   Stage8_HighBackground: Success=0.10, Return=15.37
[ENV] On-the-fly curve generation enabled (base_seed=42)
   Stage9_NoisyImages: Success=0.10, Return=17.21

[Stage10_ComplexCurves] Ep 2600 | Avg Rew: 6.88 | Success: 0.09 [Prev: 9]
[Stage10_ComplexCurves] Ep 2700 | Avg Rew: 8.55 | Success: 0.04 [Prev: 9]
[Stage10_ComplexCurves] Ep 2800 | Avg Rew: 1.70 | Success: 0.06 [Prev: 9]
   🔄 Anti-forgetting: Training on previous stage 'Stage2_Curvature'
[Stage10_ComplexCurves] Ep 2900 | Avg Rew: 10.98 | Success: 0.06 [Prev: 9]
[Stage10_ComplexCurves] Ep 3000 | Avg Rew: 10.26 | Success: 0.06 [Prev: 9]

🔍 Evaluating on 9 previous stage(s) to check for forgetting...
[ENV] On-the-fly curve generation enabled (base_seed=42)
   Stage1_Foundation: Success=0.10, Return=-4.80
[ENV] On-the-fly curve generation enabled (base_seed=42)
   Stage2_Curvature: Success=0.10, Return=10.58
[ENV] On-the-fly curve generation enabled (base_seed=42)
   Stage3_ThinPaths: Success=0.10, Return=11.94
[ENV] On-the-fly curve generation enabled (base_seed=42)
   Stage4_LowIntensity: Success=0.10, Return=12.53
[ENV] On-the-fly curve generation enabled (base_seed=42)
   Stage5_ThinAndFaint: Success=0.10, Return=3.00
[ENV] On-the-fly curve generation enabled (base_seed=42)
   Stage6_VeryThinAndVeryFaint: Success=0.10, Return=2.83
[ENV] On-the-fly curve generation enabled (base_seed=42)
   Stage7_ExtremelyLowIntensity: Success=0.10, Return=-7.82
[ENV] On-the-fly curve generation enabled (base_seed=42)
   Stage8_HighBackground: Success=0.10, Return=14.01
[ENV] On-the-fly curve generation enabled (base_seed=42)
   Stage9_NoisyImages: Success=0.10, Return=14.23

[Stage10_ComplexCurves] Ep 3100 | Avg Rew: 12.03 | Success: 0.05 [Prev: 9]
[Stage10_ComplexCurves] Ep 3200 | Avg Rew: 4.43 | Success: 0.04 [Prev: 9]
[Stage10_ComplexCurves] Ep 3300 | Avg Rew: 9.62 | Success: 0.03 [Prev: 9]
[Stage10_ComplexCurves] Ep 3400 | Avg Rew: 7.65 | Success: 0.05 [Prev: 9]
[Stage10_ComplexCurves] Ep 3500 | Avg Rew: 2.16 | Success: 0.02 [Prev: 9]

🔍 Evaluating on 9 previous stage(s) to check for forgetting...
[ENV] On-the-fly curve generation enabled (base_seed=42)
   Stage1_Foundation: Success=0.10, Return=-1.01
[ENV] On-the-fly curve generation enabled (base_seed=42)
   Stage2_Curvature: Success=0.10, Return=21.41
[ENV] On-the-fly curve generation enabled (base_seed=42)
   Stage3_ThinPaths: Success=0.10, Return=14.01
[ENV] On-the-fly curve generation enabled (base_seed=42)
   Stage4_LowIntensity: Success=0.10, Return=10.50
[ENV] On-the-fly curve generation enabled (base_seed=42)
   Stage5_ThinAndFaint: Success=0.10, Return=6.74
[ENV] On-the-fly curve generation enabled (base_seed=42)
   Stage6_VeryThinAndVeryFaint: Success=0.10, Return=5.97
[ENV] On-the-fly curve generation enabled (base_seed=42)
   Stage7_ExtremelyLowIntensity: Success=0.00, Return=-13.73
[ENV] On-the-fly curve generation enabled (base_seed=42)
   Stage8_HighBackground: Success=0.10, Return=13.72
[ENV] On-the-fly curve generation enabled (base_seed=42)
   Stage9_NoisyImages: Success=0.10, Return=19.45

[Stage10_ComplexCurves] Ep 3600 | Avg Rew: -4.79 | Success: 0.02 [Prev: 9]
[Stage10_ComplexCurves] Ep 3700 | Avg Rew: 14.74 | Success: 0.08 [Prev: 9]
[Stage10_ComplexCurves] Ep 3800 | Avg Rew: 6.02 | Success: 0.06 [Prev: 9]
[Stage10_ComplexCurves] Ep 3900 | Avg Rew: 16.49 | Success: 0.05 [Prev: 9]
[Stage10_ComplexCurves] Ep 4000 | Avg Rew: 15.80 | Success: 0.11 [Prev: 9]

🔍 Evaluating on 9 previous stage(s) to check for forgetting...
[ENV] On-the-fly curve generation enabled (base_seed=42)
   Stage1_Foundation: Success=0.00, Return=-2.42
[ENV] On-the-fly curve generation enabled (base_seed=42)
   Stage2_Curvature: Success=0.10, Return=16.63
[ENV] On-the-fly curve generation enabled (base_seed=42)
   Stage3_ThinPaths: Success=0.10, Return=15.51
[ENV] On-the-fly curve generation enabled (base_seed=42)
   Stage4_LowIntensity: Success=0.10, Return=15.82
[ENV] On-the-fly curve generation enabled (base_seed=42)
   Stage5_ThinAndFaint: Success=0.10, Return=17.22
[ENV] On-the-fly curve generation enabled (base_seed=42)
   Stage6_VeryThinAndVeryFaint: Success=0.10, Return=4.82
[ENV] On-the-fly curve generation enabled (base_seed=42)
   Stage7_ExtremelyLowIntensity: Success=0.10, Return=0.67
[ENV] On-the-fly curve generation enabled (base_seed=42)
   Stage8_HighBackground: Success=0.10, Return=20.55
[ENV] On-the-fly curve generation enabled (base_seed=42)
   Stage9_NoisyImages: Success=0.10, Return=25.47

Checkpoint saved: /home/mahsa.geshvadi001/New_Projects/DSA-RL-Tracker/Experiment1/runs/20260102_174407/checkpoints/ckpt_Stage10_ComplexCurves_ep4000.pth
Actor-only weights saved: /home/mahsa.geshvadi001/New_Projects/DSA-RL-Tracker/Experiment1/runs/20260102_174407/checkpoints/actor_Stage10_ComplexCurves_ep4000.pth
[Stage10_ComplexCurves] Ep 4100 | Avg Rew: 5.23 | Success: 0.02 [Prev: 9]
[Stage10_ComplexCurves] Ep 4200 | Avg Rew: 11.27 | Success: 0.06 [Prev: 9]
[Stage10_ComplexCurves] Ep 4300 | Avg Rew: 4.89 | Success: 0.05 [Prev: 9]
[Stage10_ComplexCurves] Ep 4400 | Avg Rew: 7.94 | Success: 0.03 [Prev: 9]
[Stage10_ComplexCurves] Ep 4500 | Avg Rew: 16.09 | Success: 0.12 [Prev: 9]

🔍 Evaluating on 9 previous stage(s) to check for forgetting...
[ENV] On-the-fly curve generation enabled (base_seed=42)
   Stage1_Foundation: Success=0.10, Return=-2.03
[ENV] On-the-fly curve generation enabled (base_seed=42)
   Stage2_Curvature: Success=0.10, Return=21.67
[ENV] On-the-fly curve generation enabled (base_seed=42)
   Stage3_ThinPaths: Success=0.10, Return=18.62
[ENV] On-the-fly curve generation enabled (base_seed=42)
   Stage4_LowIntensity: Success=0.10, Return=20.41
[ENV] On-the-fly curve generation enabled (base_seed=42)
   Stage5_ThinAndFaint: Success=0.10, Return=18.30
[ENV] On-the-fly curve generation enabled (base_seed=42)
   Stage6_VeryThinAndVeryFaint: Success=0.10, Return=7.71
[ENV] On-the-fly curve generation enabled (base_seed=42)
   Stage7_ExtremelyLowIntensity: Success=0.00, Return=-6.67
[ENV] On-the-fly curve generation enabled (base_seed=42)
   Stage8_HighBackground: Success=0.10, Return=19.57
[ENV] On-the-fly curve generation enabled (base_seed=42)
   Stage9_NoisyImages: Success=0.10, Return=22.83

[Stage10_ComplexCurves] Ep 4600 | Avg Rew: 5.91 | Success: 0.05 [Prev: 9]
[Stage10_ComplexCurves] Ep 4700 | Avg Rew: 13.07 | Success: 0.13 [Prev: 9]
[Stage10_ComplexCurves] Ep 4800 | Avg Rew: 14.28 | Success: 0.11 [Prev: 9]
[Stage10_ComplexCurves] Ep 4900 | Avg Rew: 7.88 | Success: 0.06 [Prev: 9]
[Stage10_ComplexCurves] Ep 5000 | Avg Rew: 11.90 | Success: 0.09 [Prev: 9]

🔍 Evaluating on 9 previous stage(s) to check for forgetting...
[ENV] On-the-fly curve generation enabled (base_seed=42)
   Stage1_Foundation: Success=0.10, Return=2.50
[ENV] On-the-fly curve generation enabled (base_seed=42)
   Stage2_Curvature: Success=0.10, Return=22.02
[ENV] On-the-fly curve generation enabled (base_seed=42)
   Stage3_ThinPaths: Success=0.10, Return=18.95
[ENV] On-the-fly curve generation enabled (base_seed=42)
   Stage4_LowIntensity: Success=0.10, Return=18.55
[ENV] On-the-fly curve generation enabled (base_seed=42)
   Stage5_ThinAndFaint: Success=0.10, Return=19.44
[ENV] On-the-fly curve generation enabled (base_seed=42)
   Stage6_VeryThinAndVeryFaint: Success=0.10, Return=11.53
[ENV] On-the-fly curve generation enabled (base_seed=42)
   Stage7_ExtremelyLowIntensity: Success=0.10, Return=11.85
[ENV] On-the-fly curve generation enabled (base_seed=42)
   Stage8_HighBackground: Success=0.10, Return=29.30
[ENV] On-the-fly curve generation enabled (base_seed=42)
   Stage9_NoisyImages: Success=0.10, Return=27.17

[Stage10_ComplexCurves] Ep 5100 | Avg Rew: 9.74 | Success: 0.09 [Prev: 9]
[Stage10_ComplexCurves] Ep 5200 | Avg Rew: 6.94 | Success: 0.07 [Prev: 9]
[Stage10_ComplexCurves] Ep 5300 | Avg Rew: 6.88 | Success: 0.06 [Prev: 9]
   🔄 Anti-forgetting: Training on previous stage 'Stage2_Curvature'
[Stage10_ComplexCurves] Ep 5400 | Avg Rew: 7.31 | Success: 0.06 [Prev: 9]
   🔄 Anti-forgetting: Training on previous stage 'Stage2_Curvature'
[Stage10_ComplexCurves] Ep 5500 | Avg Rew: 8.97 | Success: 0.07 [Prev: 9]

🔍 Evaluating on 9 previous stage(s) to check for forgetting...
[ENV] On-the-fly curve generation enabled (base_seed=42)
   Stage1_Foundation: Success=0.10, Return=7.58
[ENV] On-the-fly curve generation enabled (base_seed=42)
   Stage2_Curvature: Success=0.10, Return=21.87
[ENV] On-the-fly curve generation enabled (base_seed=42)
   Stage3_ThinPaths: Success=0.10, Return=23.49
[ENV] On-the-fly curve generation enabled (base_seed=42)
   Stage4_LowIntensity: Success=0.10, Return=27.88
[ENV] On-the-fly curve generation enabled (base_seed=42)
   Stage5_ThinAndFaint: Success=0.10, Return=21.87
[ENV] On-the-fly curve generation enabled (base_seed=42)
   Stage6_VeryThinAndVeryFaint: Success=0.10, Return=7.56
[ENV] On-the-fly curve generation enabled (base_seed=42)
   Stage7_ExtremelyLowIntensity: Success=0.00, Return=-8.51
[ENV] On-the-fly curve generation enabled (base_seed=42)
   Stage8_HighBackground: Success=0.10, Return=25.02
[ENV] On-the-fly curve generation enabled (base_seed=42)
   Stage9_NoisyImages: Success=0.10, Return=28.22

[Stage10_ComplexCurves] Ep 5600 | Avg Rew: 17.04 | Success: 0.15 [Prev: 9]
   🔄 Anti-forgetting: Training on previous stage 'Stage8_HighBackground'
[Stage10_ComplexCurves] Ep 5700 | Avg Rew: 12.78 | Success: 0.05 [Prev: 9]
[Stage10_ComplexCurves] Ep 5800 | Avg Rew: 5.06 | Success: 0.03 [Prev: 9]
[Stage10_ComplexCurves] Ep 5900 | Avg Rew: 12.58 | Success: 0.10 [Prev: 9]
[Stage10_ComplexCurves] Ep 6000 | Avg Rew: 13.93 | Success: 0.09 [Prev: 9]

🔍 Evaluating on 9 previous stage(s) to check for forgetting...
[ENV] On-the-fly curve generation enabled (base_seed=42)
   Stage1_Foundation: Success=0.10, Return=9.56
[ENV] On-the-fly curve generation enabled (base_seed=42)
   Stage2_Curvature: Success=0.10, Return=21.87
[ENV] On-the-fly curve generation enabled (base_seed=42)
   Stage3_ThinPaths: Success=0.10, Return=23.54
[ENV] On-the-fly curve generation enabled (base_seed=42)
   Stage4_LowIntensity: Success=0.10, Return=27.30
[ENV] On-the-fly curve generation enabled (base_seed=42)
   Stage5_ThinAndFaint: Success=0.10, Return=23.16
[ENV] On-the-fly curve generation enabled (base_seed=42)
   Stage6_VeryThinAndVeryFaint: Success=0.10, Return=1.08
[ENV] On-the-fly curve generation enabled (base_seed=42)
   Stage7_ExtremelyLowIntensity: Success=0.00, Return=-12.34
[ENV] On-the-fly curve generation enabled (base_seed=42)
   Stage8_HighBackground: Success=0.10, Return=28.29
[ENV] On-the-fly curve generation enabled (base_seed=42)
   Stage9_NoisyImages: Success=0.10, Return=29.95

Checkpoint saved: /home/mahsa.geshvadi001/New_Projects/DSA-RL-Tracker/Experiment1/runs/20260102_174407/checkpoints/ckpt_Stage10_ComplexCurves_ep6000.pth
Actor-only weights saved: /home/mahsa.geshvadi001/New_Projects/DSA-RL-Tracker/Experiment1/runs/20260102_174407/checkpoints/actor_Stage10_ComplexCurves_ep6000.pth
[Stage10_ComplexCurves] Ep 6100 | Avg Rew: 12.77 | Success: 0.09 [Prev: 9]
[Stage10_ComplexCurves] Ep 6200 | Avg Rew: 3.87 | Success: 0.06 [Prev: 9]
[Stage10_ComplexCurves] Ep 6300 | Avg Rew: 10.53 | Success: 0.05 [Prev: 9]
   🔄 Anti-forgetting: Training on previous stage 'Stage9_NoisyImages'
[Stage10_ComplexCurves] Ep 6400 | Avg Rew: 21.22 | Success: 0.11 [Prev: 9]
[Stage10_ComplexCurves] Ep 6500 | Avg Rew: 13.35 | Success: 0.14 [Prev: 9]

🔍 Evaluating on 9 previous stage(s) to check for forgetting...
[ENV] On-the-fly curve generation enabled (base_seed=42)
   Stage1_Foundation: Success=0.10, Return=11.12
[ENV] On-the-fly curve generation enabled (base_seed=42)
   Stage2_Curvature: Success=0.10, Return=25.74
[ENV] On-the-fly curve generation enabled (base_seed=42)
   Stage3_ThinPaths: Success=0.10, Return=25.93
[ENV] On-the-fly curve generation enabled (base_seed=42)
   Stage4_LowIntensity: Success=0.10, Return=26.45
[ENV] On-the-fly curve generation enabled (base_seed=42)
   Stage5_ThinAndFaint: Success=0.10, Return=23.67
[ENV] On-the-fly curve generation enabled (base_seed=42)
   Stage6_VeryThinAndVeryFaint: Success=0.00, Return=1.59
[ENV] On-the-fly curve generation enabled (base_seed=42)
   Stage7_ExtremelyLowIntensity: Success=0.10, Return=7.15
[ENV] On-the-fly curve generation enabled (base_seed=42)
   Stage8_HighBackground: Success=0.10, Return=28.37
[ENV] On-the-fly curve generation enabled (base_seed=42)
   Stage9_NoisyImages: Success=0.10, Return=24.91

[Stage10_ComplexCurves] Ep 6600 | Avg Rew: 16.24 | Success: 0.11 [Prev: 9]
[Stage10_ComplexCurves] Ep 6700 | Avg Rew: 19.16 | Success: 0.08 [Prev: 9]
[Stage10_ComplexCurves] Ep 6800 | Avg Rew: 6.75 | Success: 0.10 [Prev: 9]
[Stage10_ComplexCurves] Ep 6900 | Avg Rew: 12.27 | Success: 0.12 [Prev: 9]
   🔄 Anti-forgetting: Training on previous stage 'Stage4_LowIntensity'
[Stage10_ComplexCurves] Ep 7000 | Avg Rew: 18.64 | Success: 0.15 [Prev: 9]

🔍 Evaluating on 9 previous stage(s) to check for forgetting...
[ENV] On-the-fly curve generation enabled (base_seed=42)
   Stage1_Foundation: Success=0.10, Return=10.13
[ENV] On-the-fly curve generation enabled (base_seed=42)
   Stage2_Curvature: Success=0.10, Return=15.35
[ENV] On-the-fly curve generation enabled (base_seed=42)
   Stage3_ThinPaths: Success=0.10, Return=17.58
[ENV] On-the-fly curve generation enabled (base_seed=42)
   Stage4_LowIntensity: Success=0.10, Return=17.45
[ENV] On-the-fly curve generation enabled (base_seed=42)
   Stage5_ThinAndFaint: Success=0.20, Return=24.70
[ENV] On-the-fly curve generation enabled (base_seed=42)
   Stage6_VeryThinAndVeryFaint: Success=0.20, Return=23.19
[ENV] On-the-fly curve generation enabled (base_seed=42)
   Stage7_ExtremelyLowIntensity: Success=0.10, Return=12.03
[ENV] On-the-fly curve generation enabled (base_seed=42)
   Stage8_HighBackground: Success=0.10, Return=27.19
[ENV] On-the-fly curve generation enabled (base_seed=42)
   Stage9_NoisyImages: Success=0.20, Return=33.44

[Stage10_ComplexCurves] Ep 7100 | Avg Rew: 13.52 | Success: 0.09 [Prev: 9]
   🔄 Anti-forgetting: Training on previous stage 'Stage2_Curvature'
[Stage10_ComplexCurves] Ep 7200 | Avg Rew: 18.85 | Success: 0.08 [Prev: 9]
[Stage10_ComplexCurves] Ep 7300 | Avg Rew: 12.17 | Success: 0.11 [Prev: 9]
[Stage10_ComplexCurves] Ep 7400 | Avg Rew: 17.27 | Success: 0.11 [Prev: 9]
[Stage10_ComplexCurves] Ep 7500 | Avg Rew: 25.73 | Success: 0.14 [Prev: 9]

🔍 Evaluating on 9 previous stage(s) to check for forgetting...
[ENV] On-the-fly curve generation enabled (base_seed=42)
   Stage1_Foundation: Success=0.10, Return=10.56
[ENV] On-the-fly curve generation enabled (base_seed=42)
   Stage2_Curvature: Success=0.10, Return=23.73
[ENV] On-the-fly curve generation enabled (base_seed=42)
   Stage3_ThinPaths: Success=0.10, Return=25.60
[ENV] On-the-fly curve generation enabled (base_seed=42)
   Stage4_LowIntensity: Success=0.10, Return=23.43
[ENV] On-the-fly curve generation enabled (base_seed=42)
   Stage5_ThinAndFaint: Success=0.20, Return=27.86
[ENV] On-the-fly curve generation enabled (base_seed=42)
   Stage6_VeryThinAndVeryFaint: Success=0.10, Return=6.99
[ENV] On-the-fly curve generation enabled (base_seed=42)
   Stage7_ExtremelyLowIntensity: Success=0.00, Return=-3.45
[ENV] On-the-fly curve generation enabled (base_seed=42)
   Stage8_HighBackground: Success=0.10, Return=23.77
[ENV] On-the-fly curve generation enabled (base_seed=42)
   Stage9_NoisyImages: Success=0.10, Return=23.78

[Stage10_ComplexCurves] Ep 7600 | Avg Rew: 19.34 | Success: 0.08 [Prev: 9]
[Stage10_ComplexCurves] Ep 7700 | Avg Rew: 15.97 | Success: 0.11 [Prev: 9]
[Stage10_ComplexCurves] Ep 7800 | Avg Rew: 21.88 | Success: 0.16 [Prev: 9]
[Stage10_ComplexCurves] Ep 7900 | Avg Rew: 19.30 | Success: 0.11 [Prev: 9]
[Stage10_ComplexCurves] Ep 8000 | Avg Rew: 9.57 | Success: 0.09 [Prev: 9]

🔍 Evaluating on 9 previous stage(s) to check for forgetting...
[ENV] On-the-fly curve generation enabled (base_seed=42)
   Stage1_Foundation: Success=0.10, Return=9.12
[ENV] On-the-fly curve generation enabled (base_seed=42)
   Stage2_Curvature: Success=0.10, Return=22.37
[ENV] On-the-fly curve generation enabled (base_seed=42)
   Stage3_ThinPaths: Success=0.10, Return=26.42
[ENV] On-the-fly curve generation enabled (base_seed=42)
   Stage4_LowIntensity: Success=0.10, Return=27.48
[ENV] On-the-fly curve generation enabled (base_seed=42)
   Stage5_ThinAndFaint: Success=0.20, Return=25.26
[ENV] On-the-fly curve generation enabled (base_seed=42)
   Stage6_VeryThinAndVeryFaint: Success=0.20, Return=26.37
[ENV] On-the-fly curve generation enabled (base_seed=42)
   Stage7_ExtremelyLowIntensity: Success=0.00, Return=-0.21
[ENV] On-the-fly curve generation enabled (base_seed=42)
   Stage8_HighBackground: Success=0.30, Return=38.86
[ENV] On-the-fly curve generation enabled (base_seed=42)
   Stage9_NoisyImages: Success=0.30, Return=39.13

Checkpoint saved: /home/mahsa.geshvadi001/New_Projects/DSA-RL-Tracker/Experiment1/runs/20260102_174407/checkpoints/ckpt_Stage10_ComplexCurves_ep8000.pth
Actor-only weights saved: /home/mahsa.geshvadi001/New_Projects/DSA-RL-Tracker/Experiment1/runs/20260102_174407/checkpoints/actor_Stage10_ComplexCurves_ep8000.pth
[Stage10_ComplexCurves] Ep 8100 | Avg Rew: 14.21 | Success: 0.10 [Prev: 9]
[Stage10_ComplexCurves] Ep 8200 | Avg Rew: 22.35 | Success: 0.14 [Prev: 9]
[Stage10_ComplexCurves] Ep 8300 | Avg Rew: 21.22 | Success: 0.08 [Prev: 9]
[Stage10_ComplexCurves] Ep 8400 | Avg Rew: 20.80 | Success: 0.11 [Prev: 9]
[Stage10_ComplexCurves] Ep 8500 | Avg Rew: 14.19 | Success: 0.06 [Prev: 9]

🔍 Evaluating on 9 previous stage(s) to check for forgetting...
[ENV] On-the-fly curve generation enabled (base_seed=42)
   Stage1_Foundation: Success=0.00, Return=-8.55
[ENV] On-the-fly curve generation enabled (base_seed=42)
   Stage2_Curvature: Success=0.10, Return=16.37
[ENV] On-the-fly curve generation enabled (base_seed=42)
   Stage3_ThinPaths: Success=0.10, Return=23.40
[ENV] On-the-fly curve generation enabled (base_seed=42)
   Stage4_LowIntensity: Success=0.10, Return=22.45
[ENV] On-the-fly curve generation enabled (base_seed=42)
   Stage5_ThinAndFaint: Success=0.10, Return=22.35
[ENV] On-the-fly curve generation enabled (base_seed=42)
   Stage6_VeryThinAndVeryFaint: Success=0.20, Return=26.03
[ENV] On-the-fly curve generation enabled (base_seed=42)
   Stage7_ExtremelyLowIntensity: Success=0.10, Return=12.04
[ENV] On-the-fly curve generation enabled (base_seed=42)
   Stage8_HighBackground: Success=0.10, Return=26.87
[ENV] On-the-fly curve generation enabled (base_seed=42)
   Stage9_NoisyImages: Success=0.20, Return=37.33

[Stage10_ComplexCurves] Ep 8600 | Avg Rew: 9.06 | Success: 0.06 [Prev: 9]
[Stage10_ComplexCurves] Ep 8700 | Avg Rew: 17.39 | Success: 0.10 [Prev: 9]
   🔄 Anti-forgetting: Training on previous stage 'Stage7_ExtremelyLowIntensity'
[Stage10_ComplexCurves] Ep 8800 | Avg Rew: 13.48 | Success: 0.12 [Prev: 9]
[Stage10_ComplexCurves] Ep 8900 | Avg Rew: 13.61 | Success: 0.10 [Prev: 9]
[Stage10_ComplexCurves] Ep 9000 | Avg Rew: 16.47 | Success: 0.12 [Prev: 9]

🔍 Evaluating on 9 previous stage(s) to check for forgetting...
[ENV] On-the-fly curve generation enabled (base_seed=42)
   Stage1_Foundation: Success=0.10, Return=5.65
[ENV] On-the-fly curve generation enabled (base_seed=42)
   Stage2_Curvature: Success=0.10, Return=20.93
[ENV] On-the-fly curve generation enabled (base_seed=42)
   Stage3_ThinPaths: Success=0.10, Return=24.92
[ENV] On-the-fly curve generation enabled (base_seed=42)
   Stage4_LowIntensity: Success=0.10, Return=28.49
[ENV] On-the-fly curve generation enabled (base_seed=42)
   Stage5_ThinAndFaint: Success=0.10, Return=16.27
[ENV] On-the-fly curve generation enabled (base_seed=42)
   Stage6_VeryThinAndVeryFaint: Success=0.10, Return=7.83
[ENV] On-the-fly curve generation enabled (base_seed=42)
   Stage7_ExtremelyLowIntensity: Success=0.10, Return=14.70
[ENV] On-the-fly curve generation enabled (base_seed=42)
   Stage8_HighBackground: Success=0.10, Return=23.02
[ENV] On-the-fly curve generation enabled (base_seed=42)
   Stage9_NoisyImages: Success=0.10, Return=28.92

[Stage10_ComplexCurves] Ep 9100 | Avg Rew: 22.65 | Success: 0.17 [Prev: 9]
[Stage10_ComplexCurves] Ep 9200 | Avg Rew: 14.24 | Success: 0.10 [Prev: 9]
[Stage10_ComplexCurves] Ep 9300 | Avg Rew: 14.11 | Success: 0.11 [Prev: 9]
[Stage10_ComplexCurves] Ep 9400 | Avg Rew: 25.43 | Success: 0.18 [Prev: 9]
[Stage10_ComplexCurves] Ep 9500 | Avg Rew: 16.07 | Success: 0.12 [Prev: 9]

🔍 Evaluating on 9 previous stage(s) to check for forgetting...
[ENV] On-the-fly curve generation enabled (base_seed=42)
   Stage1_Foundation: Success=0.10, Return=10.47
[ENV] On-the-fly curve generation enabled (base_seed=42)
   Stage2_Curvature: Success=0.10, Return=24.06
[ENV] On-the-fly curve generation enabled (base_seed=42)
   Stage3_ThinPaths: Success=0.10, Return=23.57
[ENV] On-the-fly curve generation enabled (base_seed=42)
   Stage4_LowIntensity: Success=0.10, Return=23.58
[ENV] On-the-fly curve generation enabled (base_seed=42)
   Stage5_ThinAndFaint: Success=0.20, Return=30.26
[ENV] On-the-fly curve generation enabled (base_seed=42)
   Stage6_VeryThinAndVeryFaint: Success=0.10, Return=10.13
[ENV] On-the-fly curve generation enabled (base_seed=42)
   Stage7_ExtremelyLowIntensity: Success=0.10, Return=18.52
[ENV] On-the-fly curve generation enabled (base_seed=42)
   Stage8_HighBackground: Success=0.20, Return=36.72
[ENV] On-the-fly curve generation enabled (base_seed=42)
   Stage9_NoisyImages: Success=0.20, Return=39.88

[Stage10_ComplexCurves] Ep 9600 | Avg Rew: 17.76 | Success: 0.16 [Prev: 9]
[Stage10_ComplexCurves] Ep 9700 | Avg Rew: 14.08 | Success: 0.13 [Prev: 9]
[Stage10_ComplexCurves] Ep 9800 | Avg Rew: 20.76 | Success: 0.15 [Prev: 9]
[Stage10_ComplexCurves] Ep 9900 | Avg Rew: 16.66 | Success: 0.16 [Prev: 9]
[Stage10_ComplexCurves] Ep 10000 | Avg Rew: 23.14 | Success: 0.15 [Prev: 9]

🔍 Evaluating on 9 previous stage(s) to check for forgetting...
[ENV] On-the-fly curve generation enabled (base_seed=42)
   Stage1_Foundation: Success=0.10, Return=11.80
[ENV] On-the-fly curve generation enabled (base_seed=42)
   Stage2_Curvature: Success=0.10, Return=18.39
[ENV] On-the-fly curve generation enabled (base_seed=42)
   Stage3_ThinPaths: Success=0.10, Return=23.02
[ENV] On-the-fly curve generation enabled (base_seed=42)
   Stage4_LowIntensity: Success=0.10, Return=24.44
[ENV] On-the-fly curve generation enabled (base_seed=42)
   Stage5_ThinAndFaint: Success=0.10, Return=23.79
[ENV] On-the-fly curve generation enabled (base_seed=42)
   Stage6_VeryThinAndVeryFaint: Success=0.10, Return=5.75
[ENV] On-the-fly curve generation enabled (base_seed=42)
   Stage7_ExtremelyLowIntensity: Success=0.10, Return=20.77
[ENV] On-the-fly curve generation enabled (base_seed=42)
   Stage8_HighBackground: Success=0.10, Return=32.99
[ENV] On-the-fly curve generation enabled (base_seed=42)
   Stage9_NoisyImages: Success=0.10, Return=33.97

Checkpoint saved: /home/mahsa.geshvadi001/New_Projects/DSA-RL-Tracker/Experiment1/runs/20260102_174407/checkpoints/ckpt_Stage10_ComplexCurves_ep10000.pth
Actor-only weights saved: /home/mahsa.geshvadi001/New_Projects/DSA-RL-Tracker/Experiment1/runs/20260102_174407/checkpoints/actor_Stage10_ComplexCurves_ep10000.pth
   🔄 Anti-forgetting: Training on previous stage 'Stage6_VeryThinAndVeryFaint'
[Stage10_ComplexCurves] Ep 10100 | Avg Rew: 13.53 | Success: 0.13 [Prev: 9]
[Stage10_ComplexCurves] Ep 10200 | Avg Rew: 6.04 | Success: 0.11 [Prev: 9]
   🔄 Anti-forgetting: Training on previous stage 'Stage5_ThinAndFaint'
[Stage10_ComplexCurves] Ep 10300 | Avg Rew: 18.65 | Success: 0.16 [Prev: 9]
[Stage10_ComplexCurves] Ep 10400 | Avg Rew: 5.57 | Success: 0.12 [Prev: 9]
[Stage10_ComplexCurves] Ep 10500 | Avg Rew: 11.20 | Success: 0.10 [Prev: 9]

🔍 Evaluating on 9 previous stage(s) to check for forgetting...
[ENV] On-the-fly curve generation enabled (base_seed=42)
   Stage1_Foundation: Success=0.10, Return=12.55
[ENV] On-the-fly curve generation enabled (base_seed=42)
   Stage2_Curvature: Success=0.10, Return=25.29
[ENV] On-the-fly curve generation enabled (base_seed=42)
   Stage3_ThinPaths: Success=0.10, Return=24.79
[ENV] On-the-fly curve generation enabled (base_seed=42)
   Stage4_LowIntensity: Success=0.10, Return=27.30
[ENV] On-the-fly curve generation enabled (base_seed=42)
   Stage5_ThinAndFaint: Success=0.10, Return=24.09
[ENV] On-the-fly curve generation enabled (base_seed=42)
   Stage6_VeryThinAndVeryFaint: Success=0.10, Return=6.68
[ENV] On-the-fly curve generation enabled (base_seed=42)
   Stage7_ExtremelyLowIntensity: Success=0.00, Return=-10.47
[ENV] On-the-fly curve generation enabled (base_seed=42)
   Stage8_HighBackground: Success=0.20, Return=34.95
[ENV] On-the-fly curve generation enabled (base_seed=42)
   Stage9_NoisyImages: Success=0.30, Return=36.84

   🔄 Anti-forgetting: Training on previous stage 'Stage4_LowIntensity'
[Stage10_ComplexCurves] Ep 10600 | Avg Rew: 10.31 | Success: 0.07 [Prev: 9]
[Stage10_ComplexCurves] Ep 10700 | Avg Rew: 16.24 | Success: 0.12 [Prev: 9]
[Stage10_ComplexCurves] Ep 10800 | Avg Rew: 14.51 | Success: 0.15 [Prev: 9]
[Stage10_ComplexCurves] Ep 10900 | Avg Rew: 7.97 | Success: 0.14 [Prev: 9]
[Stage10_ComplexCurves] Ep 11000 | Avg Rew: 6.56 | Success: 0.13 [Prev: 9]

🔍 Evaluating on 9 previous stage(s) to check for forgetting...
[ENV] On-the-fly curve generation enabled (base_seed=42)
   Stage1_Foundation: Success=0.10, Return=9.97
[ENV] On-the-fly curve generation enabled (base_seed=42)
   Stage2_Curvature: Success=0.10, Return=24.86
[ENV] On-the-fly curve generation enabled (base_seed=42)
   Stage3_ThinPaths: Success=0.10, Return=26.42
[ENV] On-the-fly curve generation enabled (base_seed=42)
   Stage4_LowIntensity: Success=0.10, Return=26.73
[ENV] On-the-fly curve generation enabled (base_seed=42)
   Stage5_ThinAndFaint: Success=0.10, Return=23.43
[ENV] On-the-fly curve generation enabled (base_seed=42)
   Stage6_VeryThinAndVeryFaint: Success=0.10, Return=11.58
[ENV] On-the-fly curve generation enabled (base_seed=42)
   Stage7_ExtremelyLowIntensity: Success=0.10, Return=9.88
[ENV] On-the-fly curve generation enabled (base_seed=42)
   Stage8_HighBackground: Success=0.10, Return=29.71
[ENV] On-the-fly curve generation enabled (base_seed=42)
   Stage9_NoisyImages: Success=0.10, Return=28.90

[Stage10_ComplexCurves] Ep 11100 | Avg Rew: 12.57 | Success: 0.11 [Prev: 9]
[Stage10_ComplexCurves] Ep 11200 | Avg Rew: 19.18 | Success: 0.15 [Prev: 9]
[Stage10_ComplexCurves] Ep 11300 | Avg Rew: 14.59 | Success: 0.10 [Prev: 9]
[Stage10_ComplexCurves] Ep 11400 | Avg Rew: 14.99 | Success: 0.14 [Prev: 9]
[Stage10_ComplexCurves] Ep 11500 | Avg Rew: 12.53 | Success: 0.09 [Prev: 9]

🔍 Evaluating on 9 previous stage(s) to check for forgetting...
[ENV] On-the-fly curve generation enabled (base_seed=42)
   Stage1_Foundation: Success=0.10, Return=9.86
[ENV] On-the-fly curve generation enabled (base_seed=42)
   Stage2_Curvature: Success=0.10, Return=23.72
[ENV] On-the-fly curve generation enabled (base_seed=42)
   Stage3_ThinPaths: Success=0.10, Return=22.10
[ENV] On-the-fly curve generation enabled (base_seed=42)
   Stage4_LowIntensity: Success=0.10, Return=28.67
[ENV] On-the-fly curve generation enabled (base_seed=42)
   Stage5_ThinAndFaint: Success=0.10, Return=28.15
[ENV] On-the-fly curve generation enabled (base_seed=42)
   Stage6_VeryThinAndVeryFaint: Success=0.10, Return=15.25
[ENV] On-the-fly curve generation enabled (base_seed=42)
   Stage7_ExtremelyLowIntensity: Success=0.20, Return=20.40
[ENV] On-the-fly curve generation enabled (base_seed=42)
   Stage8_HighBackground: Success=0.20, Return=40.43
[ENV] On-the-fly curve generation enabled (base_seed=42)
   Stage9_NoisyImages: Success=0.20, Return=42.17

[Stage10_ComplexCurves] Ep 11600 | Avg Rew: 18.14 | Success: 0.14 [Prev: 9]
[Stage10_ComplexCurves] Ep 11700 | Avg Rew: 13.87 | Success: 0.12 [Prev: 9]
[Stage10_ComplexCurves] Ep 11800 | Avg Rew: 5.76 | Success: 0.18 [Prev: 9]
[Stage10_ComplexCurves] Ep 11900 | Avg Rew: 16.64 | Success: 0.14 [Prev: 9]
[Stage10_ComplexCurves] Ep 12000 | Avg Rew: 27.88 | Success: 0.17 [Prev: 9]

🔍 Evaluating on 9 previous stage(s) to check for forgetting...
[ENV] On-the-fly curve generation enabled (base_seed=42)
   Stage1_Foundation: Success=0.10, Return=12.93
[ENV] On-the-fly curve generation enabled (base_seed=42)
   Stage2_Curvature: Success=0.10, Return=18.30
[ENV] On-the-fly curve generation enabled (base_seed=42)
   Stage3_ThinPaths: Success=0.10, Return=24.49
[ENV] On-the-fly curve generation enabled (base_seed=42)
   Stage4_LowIntensity: Success=0.10, Return=27.66
[ENV] On-the-fly curve generation enabled (base_seed=42)
   Stage5_ThinAndFaint: Success=0.10, Return=27.19
[ENV] On-the-fly curve generation enabled (base_seed=42)
   Stage6_VeryThinAndVeryFaint: Success=0.20, Return=17.77
[ENV] On-the-fly curve generation enabled (base_seed=42)
   Stage7_ExtremelyLowIntensity: Success=0.10, Return=18.42
[ENV] On-the-fly curve generation enabled (base_seed=42)
   Stage8_HighBackground: Success=0.10, Return=28.53
[ENV] On-the-fly curve generation enabled (base_seed=42)
   Stage9_NoisyImages: Success=0.20, Return=38.35

Checkpoint saved: /home/mahsa.geshvadi001/New_Projects/DSA-RL-Tracker/Experiment1/runs/20260102_174407/checkpoints/ckpt_Stage10_ComplexCurves_ep12000.pth
Actor-only weights saved: /home/mahsa.geshvadi001/New_Projects/DSA-RL-Tracker/Experiment1/runs/20260102_174407/checkpoints/actor_Stage10_ComplexCurves_ep12000.pth
[Stage10_ComplexCurves] Ep 12100 | Avg Rew: 28.16 | Success: 0.20 [Prev: 9]
[Stage10_ComplexCurves] Ep 12200 | Avg Rew: 10.77 | Success: 0.10 [Prev: 9]
[Stage10_ComplexCurves] Ep 12300 | Avg Rew: 15.87 | Success: 0.10 [Prev: 9]
[Stage10_ComplexCurves] Ep 12400 | Avg Rew: 9.09 | Success: 0.15 [Prev: 9]
[Stage10_ComplexCurves] Ep 12500 | Avg Rew: 13.30 | Success: 0.09 [Prev: 9]

🔍 Evaluating on 9 previous stage(s) to check for forgetting...
[ENV] On-the-fly curve generation enabled (base_seed=42)
   Stage1_Foundation: Success=0.10, Return=11.39
[ENV] On-the-fly curve generation enabled (base_seed=42)
   Stage2_Curvature: Success=0.10, Return=21.08
[ENV] On-the-fly curve generation enabled (base_seed=42)
   Stage3_ThinPaths: Success=0.10, Return=25.43
[ENV] On-the-fly curve generation enabled (base_seed=42)
   Stage4_LowIntensity: Success=0.10, Return=28.83
[ENV] On-the-fly curve generation enabled (base_seed=42)
   Stage5_ThinAndFaint: Success=0.20, Return=26.55
[ENV] On-the-fly curve generation enabled (base_seed=42)
   Stage6_VeryThinAndVeryFaint: Success=0.10, Return=4.19
[ENV] On-the-fly curve generation enabled (base_seed=42)
   Stage7_ExtremelyLowIntensity: Success=0.10, Return=5.66
[ENV] On-the-fly curve generation enabled (base_seed=42)
   Stage8_HighBackground: Success=0.20, Return=39.17
[ENV] On-the-fly curve generation enabled (base_seed=42)
   Stage9_NoisyImages: Success=0.20, Return=42.60

[Stage10_ComplexCurves] Ep 12600 | Avg Rew: 11.63 | Success: 0.11 [Prev: 9]
[Stage10_ComplexCurves] Ep 12700 | Avg Rew: 12.97 | Success: 0.11 [Prev: 9]
[Stage10_ComplexCurves] Ep 12800 | Avg Rew: 22.71 | Success: 0.11 [Prev: 9]
[Stage10_ComplexCurves] Ep 12900 | Avg Rew: 20.51 | Success: 0.12 [Prev: 9]
   🔄 Anti-forgetting: Training on previous stage 'Stage7_ExtremelyLowIntensity'
[Stage10_ComplexCurves] Ep 13000 | Avg Rew: 17.51 | Success: 0.11 [Prev: 9]

🔍 Evaluating on 9 previous stage(s) to check for forgetting...
[ENV] On-the-fly curve generation enabled (base_seed=42)
   Stage1_Foundation: Success=0.10, Return=9.22
[ENV] On-the-fly curve generation enabled (base_seed=42)
   Stage2_Curvature: Success=0.10, Return=23.77
[ENV] On-the-fly curve generation enabled (base_seed=42)
   Stage3_ThinPaths: Success=0.10, Return=24.06
[ENV] On-the-fly curve generation enabled (base_seed=42)
   Stage4_LowIntensity: Success=0.10, Return=21.09
[ENV] On-the-fly curve generation enabled (base_seed=42)
   Stage5_ThinAndFaint: Success=0.10, Return=21.53
[ENV] On-the-fly curve generation enabled (base_seed=42)
   Stage6_VeryThinAndVeryFaint: Success=0.20, Return=15.11
[ENV] On-the-fly curve generation enabled (base_seed=42)
   Stage7_ExtremelyLowIntensity: Success=0.20, Return=15.44
[ENV] On-the-fly curve generation enabled (base_seed=42)
   Stage8_HighBackground: Success=0.20, Return=31.38
[ENV] On-the-fly curve generation enabled (base_seed=42)
   Stage9_NoisyImages: Success=0.30, Return=36.22

[Stage10_ComplexCurves] Ep 13100 | Avg Rew: 7.66 | Success: 0.10 [Prev: 9]
[Stage10_ComplexCurves] Ep 13200 | Avg Rew: 14.29 | Success: 0.10 [Prev: 9]
[Stage10_ComplexCurves] Ep 13300 | Avg Rew: 14.56 | Success: 0.11 [Prev: 9]
   🔄 Anti-forgetting: Training on previous stage 'Stage4_LowIntensity'
[Stage10_ComplexCurves] Ep 13400 | Avg Rew: 23.42 | Success: 0.18 [Prev: 9]
[Stage10_ComplexCurves] Ep 13500 | Avg Rew: 23.28 | Success: 0.14 [Prev: 9]

🔍 Evaluating on 9 previous stage(s) to check for forgetting...
[ENV] On-the-fly curve generation enabled (base_seed=42)
   Stage1_Foundation: Success=0.10, Return=9.65
[ENV] On-the-fly curve generation enabled (base_seed=42)
   Stage2_Curvature: Success=0.10, Return=20.92
[ENV] On-the-fly curve generation enabled (base_seed=42)
   Stage3_ThinPaths: Success=0.10, Return=25.16
[ENV] On-the-fly curve generation enabled (base_seed=42)
   Stage4_LowIntensity: Success=0.10, Return=26.57
[ENV] On-the-fly curve generation enabled (base_seed=42)
   Stage5_ThinAndFaint: Success=0.10, Return=27.00
[ENV] On-the-fly curve generation enabled (base_seed=42)
   Stage6_VeryThinAndVeryFaint: Success=0.10, Return=19.97
[ENV] On-the-fly curve generation enabled (base_seed=42)
   Stage7_ExtremelyLowIntensity: Success=0.00, Return=4.38
[ENV] On-the-fly curve generation enabled (base_seed=42)
   Stage8_HighBackground: Success=0.10, Return=29.79
[ENV] On-the-fly curve generation enabled (base_seed=42)
   Stage9_NoisyImages: Success=0.30, Return=39.03

[Stage10_ComplexCurves] Ep 13600 | Avg Rew: 21.90 | Success: 0.21 [Prev: 9]
[Stage10_ComplexCurves] Ep 13700 | Avg Rew: 9.12 | Success: 0.13 [Prev: 9]
[Stage10_ComplexCurves] Ep 13800 | Avg Rew: 20.03 | Success: 0.13 [Prev: 9]
[Stage10_ComplexCurves] Ep 13900 | Avg Rew: 16.43 | Success: 0.10 [Prev: 9]
[Stage10_ComplexCurves] Ep 14000 | Avg Rew: 21.06 | Success: 0.15 [Prev: 9]

🔍 Evaluating on 9 previous stage(s) to check for forgetting...
[ENV] On-the-fly curve generation enabled (base_seed=42)
   Stage1_Foundation: Success=0.10, Return=12.05
[ENV] On-the-fly curve generation enabled (base_seed=42)
   Stage2_Curvature: Success=0.10, Return=27.90
[ENV] On-the-fly curve generation enabled (base_seed=42)
   Stage3_ThinPaths: Success=0.10, Return=23.28
[ENV] On-the-fly curve generation enabled (base_seed=42)
   Stage4_LowIntensity: Success=0.10, Return=27.14
[ENV] On-the-fly curve generation enabled (base_seed=42)
   Stage5_ThinAndFaint: Success=0.10, Return=23.01
[ENV] On-the-fly curve generation enabled (base_seed=42)
   Stage6_VeryThinAndVeryFaint: Success=0.10, Return=8.77
[ENV] On-the-fly curve generation enabled (base_seed=42)
   Stage7_ExtremelyLowIntensity: Success=0.10, Return=10.68
[ENV] On-the-fly curve generation enabled (base_seed=42)
   Stage8_HighBackground: Success=0.20, Return=37.68
[ENV] On-the-fly curve generation enabled (base_seed=42)
   Stage9_NoisyImages: Success=0.20, Return=37.66

Checkpoint saved: /home/mahsa.geshvadi001/New_Projects/DSA-RL-Tracker/Experiment1/runs/20260102_174407/checkpoints/ckpt_Stage10_ComplexCurves_ep14000.pth
Actor-only weights saved: /home/mahsa.geshvadi001/New_Projects/DSA-RL-Tracker/Experiment1/runs/20260102_174407/checkpoints/actor_Stage10_ComplexCurves_ep14000.pth
[Stage10_ComplexCurves] Ep 14100 | Avg Rew: 1.04 | Success: 0.10 [Prev: 9]
[Stage10_ComplexCurves] Ep 14200 | Avg Rew: 29.69 | Success: 0.23 [Prev: 9]
[Stage10_ComplexCurves] Ep 14300 | Avg Rew: 16.16 | Success: 0.14 [Prev: 9]
   🔄 Anti-forgetting: Training on previous stage 'Stage3_ThinPaths'
[Stage10_ComplexCurves] Ep 14400 | Avg Rew: 15.05 | Success: 0.12 [Prev: 9]
[Stage10_ComplexCurves] Ep 14500 | Avg Rew: 18.26 | Success: 0.13 [Prev: 9]

🔍 Evaluating on 9 previous stage(s) to check for forgetting...
[ENV] On-the-fly curve generation enabled (base_seed=42)
   Stage1_Foundation: Success=0.10, Return=6.31
[ENV] On-the-fly curve generation enabled (base_seed=42)
   Stage2_Curvature: Success=0.10, Return=21.92
[ENV] On-the-fly curve generation enabled (base_seed=42)
   Stage3_ThinPaths: Success=0.10, Return=26.31
[ENV] On-the-fly curve generation enabled (base_seed=42)
   Stage4_LowIntensity: Success=0.10, Return=27.26
[ENV] On-the-fly curve generation enabled (base_seed=42)
   Stage5_ThinAndFaint: Success=0.10, Return=20.05
[ENV] On-the-fly curve generation enabled (base_seed=42)
   Stage6_VeryThinAndVeryFaint: Success=0.10, Return=5.35
[ENV] On-the-fly curve generation enabled (base_seed=42)
   Stage7_ExtremelyLowIntensity: Success=0.10, Return=3.06
[ENV] On-the-fly curve generation enabled (base_seed=42)
   Stage8_HighBackground: Success=0.10, Return=21.31
[ENV] On-the-fly curve generation enabled (base_seed=42)
   Stage9_NoisyImages: Success=0.10, Return=34.85

[Stage10_ComplexCurves] Ep 14600 | Avg Rew: 22.99 | Success: 0.15 [Prev: 9]
[Stage10_ComplexCurves] Ep 14700 | Avg Rew: 18.68 | Success: 0.14 [Prev: 9]
[Stage10_ComplexCurves] Ep 14800 | Avg Rew: 15.72 | Success: 0.13 [Prev: 9]
[Stage10_ComplexCurves] Ep 14900 | Avg Rew: 4.91 | Success: 0.17 [Prev: 9]
   🔄 Anti-forgetting: Training on previous stage 'Stage1_Foundation'
[Stage10_ComplexCurves] Ep 15000 | Avg Rew: 13.80 | Success: 0.18 [Prev: 9]

🔍 Evaluating on 9 previous stage(s) to check for forgetting...
[ENV] On-the-fly curve generation enabled (base_seed=42)
   Stage1_Foundation: Success=0.10, Return=8.14
[ENV] On-the-fly curve generation enabled (base_seed=42)
   Stage2_Curvature: Success=0.10, Return=22.01
[ENV] On-the-fly curve generation enabled (base_seed=42)
   Stage3_ThinPaths: Success=0.10, Return=21.48
[ENV] On-the-fly curve generation enabled (base_seed=42)
   Stage4_LowIntensity: Success=0.10, Return=24.89
[ENV] On-the-fly curve generation enabled (base_seed=42)
   Stage5_ThinAndFaint: Success=0.10, Return=14.64
[ENV] On-the-fly curve generation enabled (base_seed=42)
   Stage6_VeryThinAndVeryFaint: Success=0.10, Return=2.62
[ENV] On-the-fly curve generation enabled (base_seed=42)
   Stage7_ExtremelyLowIntensity: Success=0.10, Return=3.73
[ENV] On-the-fly curve generation enabled (base_seed=42)
   Stage8_HighBackground: Success=0.10, Return=27.14
[ENV] On-the-fly curve generation enabled (base_seed=42)
   Stage9_NoisyImages: Success=0.20, Return=33.79

Finished Stage10_ComplexCurves. Saved model to /home/mahsa.geshvadi001/New_Projects/DSA-RL-Tracker/Experiment1/runs/20260102_174407/weights/model_Stage10_ComplexCurves_FINAL.pth
✅ Added Stage10_ComplexCurves to previous stages pool (total: 10 stages)
Actor-only weights saved: /home/mahsa.geshvadi001/New_Projects/DSA-RL-Tracker/Experiment1/runs/20260102_174407/weights/actor_Stage10_ComplexCurves_FINAL.pth

=== TRAINING COMPLETE ===
Training Start Time: 2026-01-05 11:46:21
Training End Time: 2026-01-05 12:10:55
Total Training Time: 0h 24m 33s (1473.3 seconds)
All results saved to: /home/mahsa.geshvadi001/New_Projects/DSA-RL-Tracker/Experiment1/runs/20260102_174407
  - Checkpoints: /home/mahsa.geshvadi001/New_Projects/DSA-RL-Tracker/Experiment1/runs/20260102_174407/checkpoints
  - Final weights: /home/mahsa.geshvadi001/New_Projects/DSA-RL-Tracker/Experiment1/runs/20260102_174407/weights
  - Training log: /home/mahsa.geshvadi001/New_Projects/DSA-RL-Tracker/Experiment1/runs/20260102_174407/logs/training.log
  - Configuration: /home/mahsa.geshvadi001/New_Projects/DSA-RL-Tracker/Experiment1/runs/20260102_174407/config.json
  - Metrics: /home/mahsa.geshvadi001/New_Projects/DSA-RL-Tracker/Experiment1/runs/20260102_174407/metrics.json
