
=============================================
STARTING Stage1_Bootstrap
Episodes: 8000 | LR: 0.0001
Curves Directory: generated_curves/stage1
=============================================
[ENV] Loaded 1000 pre-generated curves from /workspace/DSA-RL-Tracker/Experiment1/generated_curves/stage1

[ENV] Config Updated for Stage 1:
      Width: (2, 4), Noise: 0.0
      Tissue: False, Strict Stop: False
[Stage1_Bootstrap] Ep 100 | Avg Rew: -16.14 | Success: 0.00
[Stage1_Bootstrap] Ep 200 | Avg Rew: -10.85 | Success: 0.01
[Stage1_Bootstrap] Ep 300 | Avg Rew: -10.06 | Success: 0.00
[Stage1_Bootstrap] Ep 400 | Avg Rew: -11.13 | Success: 0.00
[Stage1_Bootstrap] Ep 500 | Avg Rew: -11.41 | Success: 0.00
[Stage1_Bootstrap] Ep 600 | Avg Rew: -10.91 | Success: 0.00
[Stage1_Bootstrap] Ep 700 | Avg Rew: -10.81 | Success: 0.00
[Stage1_Bootstrap] Ep 800 | Avg Rew: -11.20 | Success: 0.00
[Stage1_Bootstrap] Ep 900 | Avg Rew: -11.34 | Success: 0.00
[Stage1_Bootstrap] Ep 1000 | Avg Rew: -14.14 | Success: 0.00
[Stage1_Bootstrap] Ep 1100 | Avg Rew: -14.01 | Success: 0.00
[Stage1_Bootstrap] Ep 1200 | Avg Rew: -14.31 | Success: 0.00
[Stage1_Bootstrap] Ep 1300 | Avg Rew: -11.64 | Success: 0.09
[Stage1_Bootstrap] Ep 1400 | Avg Rew: -4.58 | Success: 0.15
[Stage1_Bootstrap] Ep 1500 | Avg Rew: -2.62 | Success: 0.13
[Stage1_Bootstrap] Ep 1600 | Avg Rew: 1.62 | Success: 0.23
[Stage1_Bootstrap] Ep 1700 | Avg Rew: 2.09 | Success: 0.19
[Stage1_Bootstrap] Ep 1800 | Avg Rew: 8.45 | Success: 0.28
[Stage1_Bootstrap] Ep 1900 | Avg Rew: 1.83 | Success: 0.19
[Stage1_Bootstrap] Ep 2000 | Avg Rew: 5.95 | Success: 0.25
Checkpoint saved: /workspace/DSA-RL-Tracker/Experiment1/runs/20251223_023810/checkpoints/ckpt_Stage1_Bootstrap_ep2000.pth
Actor-only weights saved: /workspace/DSA-RL-Tracker/Experiment1/runs/20251223_023810/checkpoints/actor_Stage1_Bootstrap_ep2000.pth
[Stage1_Bootstrap] Ep 2100 | Avg Rew: 7.66 | Success: 0.30
[Stage1_Bootstrap] Ep 2200 | Avg Rew: 4.59 | Success: 0.22
[Stage1_Bootstrap] Ep 2300 | Avg Rew: 2.74 | Success: 0.24
[Stage1_Bootstrap] Ep 2400 | Avg Rew: 3.42 | Success: 0.24
[Stage1_Bootstrap] Ep 2500 | Avg Rew: 13.44 | Success: 0.35
[Stage1_Bootstrap] Ep 2600 | Avg Rew: 9.21 | Success: 0.28
[Stage1_Bootstrap] Ep 2700 | Avg Rew: 10.27 | Success: 0.27
[Stage1_Bootstrap] Ep 2800 | Avg Rew: 6.60 | Success: 0.23
[Stage1_Bootstrap] Ep 2900 | Avg Rew: 7.13 | Success: 0.22
[Stage1_Bootstrap] Ep 3000 | Avg Rew: 13.44 | Success: 0.29
[Stage1_Bootstrap] Ep 3100 | Avg Rew: 11.22 | Success: 0.27
[Stage1_Bootstrap] Ep 3200 | Avg Rew: 15.97 | Success: 0.28
[Stage1_Bootstrap] Ep 3300 | Avg Rew: 14.53 | Success: 0.28
[Stage1_Bootstrap] Ep 3400 | Avg Rew: 16.35 | Success: 0.29
[Stage1_Bootstrap] Ep 3500 | Avg Rew: 16.09 | Success: 0.28
[Stage1_Bootstrap] Ep 3600 | Avg Rew: 25.37 | Success: 0.39
[Stage1_Bootstrap] Ep 3700 | Avg Rew: 26.73 | Success: 0.41
[Stage1_Bootstrap] Ep 3800 | Avg Rew: 22.85 | Success: 0.34
[Stage1_Bootstrap] Ep 3900 | Avg Rew: 26.35 | Success: 0.39
[Stage1_Bootstrap] Ep 4000 | Avg Rew: 32.96 | Success: 0.53
Checkpoint saved: /workspace/DSA-RL-Tracker/Experiment1/runs/20251223_023810/checkpoints/ckpt_Stage1_Bootstrap_ep4000.pth
Actor-only weights saved: /workspace/DSA-RL-Tracker/Experiment1/runs/20251223_023810/checkpoints/actor_Stage1_Bootstrap_ep4000.pth
[Stage1_Bootstrap] Ep 4100 | Avg Rew: 32.83 | Success: 0.52
[Stage1_Bootstrap] Ep 4200 | Avg Rew: 34.88 | Success: 0.51
[Stage1_Bootstrap] Ep 4300 | Avg Rew: 32.73 | Success: 0.43
[Stage1_Bootstrap] Ep 4400 | Avg Rew: 29.45 | Success: 0.44
[Stage1_Bootstrap] Ep 4500 | Avg Rew: 34.01 | Success: 0.51
[Stage1_Bootstrap] Ep 4600 | Avg Rew: 38.22 | Success: 0.60
[Stage1_Bootstrap] Ep 4700 | Avg Rew: 38.80 | Success: 0.48
[Stage1_Bootstrap] Ep 4800 | Avg Rew: 31.49 | Success: 0.46
[Stage1_Bootstrap] Ep 4900 | Avg Rew: 35.27 | Success: 0.51
[Stage1_Bootstrap] Ep 5000 | Avg Rew: 42.48 | Success: 0.60
[Stage1_Bootstrap] Ep 5100 | Avg Rew: 35.48 | Success: 0.55
[Stage1_Bootstrap] Ep 5200 | Avg Rew: 31.26 | Success: 0.44
[Stage1_Bootstrap] Ep 5300 | Avg Rew: 36.00 | Success: 0.57
[Stage1_Bootstrap] Ep 5400 | Avg Rew: 40.08 | Success: 0.53
[Stage1_Bootstrap] Ep 5500 | Avg Rew: 36.38 | Success: 0.53
[Stage1_Bootstrap] Ep 5600 | Avg Rew: 39.31 | Success: 0.54
[Stage1_Bootstrap] Ep 5700 | Avg Rew: 32.00 | Success: 0.45
[Stage1_Bootstrap] Ep 5800 | Avg Rew: 46.11 | Success: 0.59
[Stage1_Bootstrap] Ep 5900 | Avg Rew: 32.00 | Success: 0.47
[Stage1_Bootstrap] Ep 6000 | Avg Rew: 35.96 | Success: 0.50
Checkpoint saved: /workspace/DSA-RL-Tracker/Experiment1/runs/20251223_023810/checkpoints/ckpt_Stage1_Bootstrap_ep6000.pth
Actor-only weights saved: /workspace/DSA-RL-Tracker/Experiment1/runs/20251223_023810/checkpoints/actor_Stage1_Bootstrap_ep6000.pth
[Stage1_Bootstrap] Ep 6100 | Avg Rew: 43.97 | Success: 0.60
[Stage1_Bootstrap] Ep 6200 | Avg Rew: 41.99 | Success: 0.61
[Stage1_Bootstrap] Ep 6300 | Avg Rew: 43.40 | Success: 0.58
[Stage1_Bootstrap] Ep 6400 | Avg Rew: 48.47 | Success: 0.58
[Stage1_Bootstrap] Ep 6500 | Avg Rew: 42.40 | Success: 0.57
[Stage1_Bootstrap] Ep 6600 | Avg Rew: 47.25 | Success: 0.63
[Stage1_Bootstrap] Ep 6700 | Avg Rew: 44.24 | Success: 0.66
[Stage1_Bootstrap] Ep 6800 | Avg Rew: 47.08 | Success: 0.70
[Stage1_Bootstrap] Ep 6900 | Avg Rew: 49.61 | Success: 0.62
[Stage1_Bootstrap] Ep 7000 | Avg Rew: 38.54 | Success: 0.51
[Stage1_Bootstrap] Ep 7100 | Avg Rew: 46.41 | Success: 0.66
[Stage1_Bootstrap] Ep 7200 | Avg Rew: 47.91 | Success: 0.70
[Stage1_Bootstrap] Ep 7300 | Avg Rew: 40.94 | Success: 0.59
[Stage1_Bootstrap] Ep 7400 | Avg Rew: 51.01 | Success: 0.67
[Stage1_Bootstrap] Ep 7500 | Avg Rew: 46.19 | Success: 0.65
[Stage1_Bootstrap] Ep 7600 | Avg Rew: 47.98 | Success: 0.65
[Stage1_Bootstrap] Ep 7700 | Avg Rew: 47.01 | Success: 0.69
[Stage1_Bootstrap] Ep 7800 | Avg Rew: 48.96 | Success: 0.69
[Stage1_Bootstrap] Ep 7900 | Avg Rew: 56.25 | Success: 0.78
[Stage1_Bootstrap] Ep 8000 | Avg Rew: 56.83 | Success: 0.80
Checkpoint saved: /workspace/DSA-RL-Tracker/Experiment1/runs/20251223_023810/checkpoints/ckpt_Stage1_Bootstrap_ep8000.pth
Actor-only weights saved: /workspace/DSA-RL-Tracker/Experiment1/runs/20251223_023810/checkpoints/actor_Stage1_Bootstrap_ep8000.pth
Finished Stage1_Bootstrap. Saved model to /workspace/DSA-RL-Tracker/Experiment1/runs/20251223_023810/weights/model_Stage1_Bootstrap_FINAL.pth
Actor-only weights saved: /workspace/DSA-RL-Tracker/Experiment1/runs/20251223_023810/weights/actor_Stage1_Bootstrap_FINAL.pth

=============================================
STARTING Stage2_Robustness
Episodes: 12000 | LR: 5e-05
Curves Directory: generated_curves/stage2
=============================================
[ENV] Loaded 1000 pre-generated curves from /workspace/DSA-RL-Tracker/Experiment1/generated_curves/stage2

[ENV] Config Updated for Stage 2:
      Width: (2, 8), Noise: 0.5
      Tissue: False, Strict Stop: True
[Stage2_Robustness] Ep 100 | Avg Rew: 38.31 | Success: 0.02
[Stage2_Robustness] Ep 200 | Avg Rew: 34.66 | Success: 0.01
[Stage2_Robustness] Ep 300 | Avg Rew: 32.61 | Success: 0.01
[Stage2_Robustness] Ep 400 | Avg Rew: 41.14 | Success: 0.01
[Stage2_Robustness] Ep 500 | Avg Rew: 45.63 | Success: 0.04
[Stage2_Robustness] Ep 600 | Avg Rew: 47.09 | Success: 0.01
[Stage2_Robustness] Ep 700 | Avg Rew: 44.40 | Success: 0.06
[Stage2_Robustness] Ep 800 | Avg Rew: 54.27 | Success: 0.07
[Stage2_Robustness] Ep 900 | Avg Rew: 52.47 | Success: 0.14
[Stage2_Robustness] Ep 1000 | Avg Rew: 55.65 | Success: 0.14
[Stage2_Robustness] Ep 1100 | Avg Rew: 41.42 | Success: 0.04
[Stage2_Robustness] Ep 1200 | Avg Rew: 39.43 | Success: 0.06
[Stage2_Robustness] Ep 1300 | Avg Rew: 44.57 | Success: 0.06
[Stage2_Robustness] Ep 1400 | Avg Rew: 52.28 | Success: 0.04
[Stage2_Robustness] Ep 1500 | Avg Rew: 45.26 | Success: 0.03
[Stage2_Robustness] Ep 1600 | Avg Rew: 47.79 | Success: 0.01
[Stage2_Robustness] Ep 1700 | Avg Rew: 43.59 | Success: 0.03
[Stage2_Robustness] Ep 1800 | Avg Rew: 45.88 | Success: 0.01
[Stage2_Robustness] Ep 1900 | Avg Rew: 46.92 | Success: 0.01
[Stage2_Robustness] Ep 2000 | Avg Rew: 51.15 | Success: 0.00
Checkpoint saved: /workspace/DSA-RL-Tracker/Experiment1/runs/20251223_023810/checkpoints/ckpt_Stage2_Robustness_ep2000.pth
Actor-only weights saved: /workspace/DSA-RL-Tracker/Experiment1/runs/20251223_023810/checkpoints/actor_Stage2_Robustness_ep2000.pth
[Stage2_Robustness] Ep 2100 | Avg Rew: 46.98 | Success: 0.01
[Stage2_Robustness] Ep 2200 | Avg Rew: 43.86 | Success: 0.00
[Stage2_Robustness] Ep 2300 | Avg Rew: 51.98 | Success: 0.01
[Stage2_Robustness] Ep 2400 | Avg Rew: 49.30 | Success: 0.03
[Stage2_Robustness] Ep 2500 | Avg Rew: 52.60 | Success: 0.00
[Stage2_Robustness] Ep 2600 | Avg Rew: 53.80 | Success: 0.02
[Stage2_Robustness] Ep 2700 | Avg Rew: 58.35 | Success: 0.01
[Stage2_Robustness] Ep 2800 | Avg Rew: 57.80 | Success: 0.02
[Stage2_Robustness] Ep 2900 | Avg Rew: 59.24 | Success: 0.02
[Stage2_Robustness] Ep 3000 | Avg Rew: 56.05 | Success: 0.01
[Stage2_Robustness] Ep 3100 | Avg Rew: 61.05 | Success: 0.02
[Stage2_Robustness] Ep 3200 | Avg Rew: 56.57 | Success: 0.01
[Stage2_Robustness] Ep 3300 | Avg Rew: 58.92 | Success: 0.01
[Stage2_Robustness] Ep 3400 | Avg Rew: 54.00 | Success: 0.00
[Stage2_Robustness] Ep 3500 | Avg Rew: 64.15 | Success: 0.00
[Stage2_Robustness] Ep 3600 | Avg Rew: 70.73 | Success: 0.02
[Stage2_Robustness] Ep 3700 | Avg Rew: 60.42 | Success: 0.01
[Stage2_Robustness] Ep 3800 | Avg Rew: 63.30 | Success: 0.01
[Stage2_Robustness] Ep 3900 | Avg Rew: 59.50 | Success: 0.00
[Stage2_Robustness] Ep 4000 | Avg Rew: 60.11 | Success: 0.02
Checkpoint saved: /workspace/DSA-RL-Tracker/Experiment1/runs/20251223_023810/checkpoints/ckpt_Stage2_Robustness_ep4000.pth
Actor-only weights saved: /workspace/DSA-RL-Tracker/Experiment1/runs/20251223_023810/checkpoints/actor_Stage2_Robustness_ep4000.pth
[Stage2_Robustness] Ep 4100 | Avg Rew: 69.58 | Success: 0.03
[Stage2_Robustness] Ep 4200 | Avg Rew: 66.37 | Success: 0.00
[Stage2_Robustness] Ep 4300 | Avg Rew: 65.43 | Success: 0.00
[Stage2_Robustness] Ep 4400 | Avg Rew: 64.23 | Success: 0.02
[Stage2_Robustness] Ep 4500 | Avg Rew: 68.25 | Success: 0.00
[Stage2_Robustness] Ep 4600 | Avg Rew: 68.06 | Success: 0.04
[Stage2_Robustness] Ep 4700 | Avg Rew: 67.36 | Success: 0.04
[Stage2_Robustness] Ep 4800 | Avg Rew: 68.76 | Success: 0.04
[Stage2_Robustness] Ep 4900 | Avg Rew: 73.70 | Success: 0.02
[Stage2_Robustness] Ep 5000 | Avg Rew: 69.10 | Success: 0.04
[Stage2_Robustness] Ep 5100 | Avg Rew: 74.34 | Success: 0.02
[Stage2_Robustness] Ep 5200 | Avg Rew: 62.27 | Success: 0.05
[Stage2_Robustness] Ep 5300 | Avg Rew: 69.59 | Success: 0.11
[Stage2_Robustness] Ep 5400 | Avg Rew: 67.93 | Success: 0.05
[Stage2_Robustness] Ep 5500 | Avg Rew: 70.78 | Success: 0.10
[Stage2_Robustness] Ep 5600 | Avg Rew: 66.70 | Success: 0.09
[Stage2_Robustness] Ep 5700 | Avg Rew: 74.08 | Success: 0.14
[Stage2_Robustness] Ep 5800 | Avg Rew: 75.76 | Success: 0.08
[Stage2_Robustness] Ep 5900 | Avg Rew: 81.87 | Success: 0.09
[Stage2_Robustness] Ep 6000 | Avg Rew: 71.80 | Success: 0.08
Checkpoint saved: /workspace/DSA-RL-Tracker/Experiment1/runs/20251223_023810/checkpoints/ckpt_Stage2_Robustness_ep6000.pth
Actor-only weights saved: /workspace/DSA-RL-Tracker/Experiment1/runs/20251223_023810/checkpoints/actor_Stage2_Robustness_ep6000.pth
[Stage2_Robustness] Ep 6100 | Avg Rew: 74.97 | Success: 0.10
[Stage2_Robustness] Ep 6200 | Avg Rew: 83.54 | Success: 0.10
[Stage2_Robustness] Ep 6300 | Avg Rew: 76.47 | Success: 0.15
[Stage2_Robustness] Ep 6400 | Avg Rew: 78.55 | Success: 0.29
[Stage2_Robustness] Ep 6500 | Avg Rew: 69.44 | Success: 0.19
[Stage2_Robustness] Ep 6600 | Avg Rew: 80.10 | Success: 0.19
[Stage2_Robustness] Ep 6700 | Avg Rew: 78.17 | Success: 0.25
[Stage2_Robustness] Ep 6800 | Avg Rew: 87.82 | Success: 0.30
[Stage2_Robustness] Ep 6900 | Avg Rew: 82.45 | Success: 0.35
[Stage2_Robustness] Ep 7000 | Avg Rew: 80.09 | Success: 0.31
[Stage2_Robustness] Ep 7100 | Avg Rew: 80.61 | Success: 0.31
[Stage2_Robustness] Ep 7200 | Avg Rew: 84.43 | Success: 0.33
[Stage2_Robustness] Ep 7300 | Avg Rew: 88.97 | Success: 0.30
[Stage2_Robustness] Ep 7400 | Avg Rew: 78.46 | Success: 0.36
[Stage2_Robustness] Ep 7500 | Avg Rew: 81.63 | Success: 0.38
[Stage2_Robustness] Ep 7600 | Avg Rew: 71.72 | Success: 0.31
[Stage2_Robustness] Ep 7700 | Avg Rew: 81.07 | Success: 0.35
[Stage2_Robustness] Ep 7800 | Avg Rew: 79.78 | Success: 0.31
[Stage2_Robustness] Ep 7900 | Avg Rew: 82.11 | Success: 0.25
[Stage2_Robustness] Ep 8000 | Avg Rew: 88.24 | Success: 0.36
Checkpoint saved: /workspace/DSA-RL-Tracker/Experiment1/runs/20251223_023810/checkpoints/ckpt_Stage2_Robustness_ep8000.pth
Actor-only weights saved: /workspace/DSA-RL-Tracker/Experiment1/runs/20251223_023810/checkpoints/actor_Stage2_Robustness_ep8000.pth
[Stage2_Robustness] Ep 8100 | Avg Rew: 84.92 | Success: 0.42
[Stage2_Robustness] Ep 8200 | Avg Rew: 89.69 | Success: 0.50
[Stage2_Robustness] Ep 8300 | Avg Rew: 83.02 | Success: 0.46
[Stage2_Robustness] Ep 8400 | Avg Rew: 81.06 | Success: 0.31
[Stage2_Robustness] Ep 8500 | Avg Rew: 89.04 | Success: 0.49
[Stage2_Robustness] Ep 8600 | Avg Rew: 82.57 | Success: 0.42
[Stage2_Robustness] Ep 8700 | Avg Rew: 88.69 | Success: 0.50
[Stage2_Robustness] Ep 8800 | Avg Rew: 89.44 | Success: 0.41
[Stage2_Robustness] Ep 8900 | Avg Rew: 86.50 | Success: 0.48
[Stage2_Robustness] Ep 9000 | Avg Rew: 86.00 | Success: 0.59
[Stage2_Robustness] Ep 9100 | Avg Rew: 99.49 | Success: 0.69
[Stage2_Robustness] Ep 9200 | Avg Rew: 93.52 | Success: 0.79
[Stage2_Robustness] Ep 9300 | Avg Rew: 91.98 | Success: 0.75
[Stage2_Robustness] Ep 9400 | Avg Rew: 95.35 | Success: 0.78
[Stage2_Robustness] Ep 9500 | Avg Rew: 95.59 | Success: 0.82
[Stage2_Robustness] Ep 9600 | Avg Rew: 101.87 | Success: 0.82
[Stage2_Robustness] Ep 9700 | Avg Rew: 102.74 | Success: 0.86
[Stage2_Robustness] Ep 9800 | Avg Rew: 94.37 | Success: 0.75
[Stage2_Robustness] Ep 9900 | Avg Rew: 101.53 | Success: 0.90
[Stage2_Robustness] Ep 10000 | Avg Rew: 100.34 | Success: 0.91
Checkpoint saved: /workspace/DSA-RL-Tracker/Experiment1/runs/20251223_023810/checkpoints/ckpt_Stage2_Robustness_ep10000.pth
Actor-only weights saved: /workspace/DSA-RL-Tracker/Experiment1/runs/20251223_023810/checkpoints/actor_Stage2_Robustness_ep10000.pth
[Stage2_Robustness] Ep 10100 | Avg Rew: 94.40 | Success: 0.86
[Stage2_Robustness] Ep 10200 | Avg Rew: 100.49 | Success: 0.83
[Stage2_Robustness] Ep 10300 | Avg Rew: 98.63 | Success: 0.87
[Stage2_Robustness] Ep 10400 | Avg Rew: 97.74 | Success: 0.81
[Stage2_Robustness] Ep 10500 | Avg Rew: 100.80 | Success: 0.91
[Stage2_Robustness] Ep 10600 | Avg Rew: 94.19 | Success: 0.84
[Stage2_Robustness] Ep 10700 | Avg Rew: 90.21 | Success: 0.84
[Stage2_Robustness] Ep 10800 | Avg Rew: 98.91 | Success: 0.90
[Stage2_Robustness] Ep 10900 | Avg Rew: 93.26 | Success: 0.84
[Stage2_Robustness] Ep 11000 | Avg Rew: 101.69 | Success: 0.91
[Stage2_Robustness] Ep 11100 | Avg Rew: 101.67 | Success: 0.89
[Stage2_Robustness] Ep 11200 | Avg Rew: 101.07 | Success: 0.89
[Stage2_Robustness] Ep 11300 | Avg Rew: 94.95 | Success: 0.80
[Stage2_Robustness] Ep 11400 | Avg Rew: 99.76 | Success: 0.89
[Stage2_Robustness] Ep 11500 | Avg Rew: 102.90 | Success: 0.88
[Stage2_Robustness] Ep 11600 | Avg Rew: 91.34 | Success: 0.81
[Stage2_Robustness] Ep 11700 | Avg Rew: 109.32 | Success: 0.93
[Stage2_Robustness] Ep 11800 | Avg Rew: 100.67 | Success: 0.88
[Stage2_Robustness] Ep 11900 | Avg Rew: 105.37 | Success: 0.93
[Stage2_Robustness] Ep 12000 | Avg Rew: 100.87 | Success: 0.90
Checkpoint saved: /workspace/DSA-RL-Tracker/Experiment1/runs/20251223_023810/checkpoints/ckpt_Stage2_Robustness_ep12000.pth
Actor-only weights saved: /workspace/DSA-RL-Tracker/Experiment1/runs/20251223_023810/checkpoints/actor_Stage2_Robustness_ep12000.pth
Finished Stage2_Robustness. Saved model to /workspace/DSA-RL-Tracker/Experiment1/runs/20251223_023810/weights/model_Stage2_Robustness_FINAL.pth
Actor-only weights saved: /workspace/DSA-RL-Tracker/Experiment1/runs/20251223_023810/weights/actor_Stage2_Robustness_FINAL.pth

=============================================
STARTING Stage3_Realism
Episodes: 15000 | LR: 1e-05
Curves Directory: generated_curves/stage3
=============================================
[ENV] Loaded 1000 pre-generated curves from /workspace/DSA-RL-Tracker/Experiment1/generated_curves/stage3

[ENV] Config Updated for Stage 3:
      Width: (1, 10), Noise: 0.8
      Tissue: True, Strict Stop: True
[Stage3_Realism] Ep 100 | Avg Rew: 28.79 | Success: 0.14
[Stage3_Realism] Ep 200 | Avg Rew: 28.59 | Success: 0.20
[Stage3_Realism] Ep 300 | Avg Rew: 28.82 | Success: 0.14
[Stage3_Realism] Ep 400 | Avg Rew: 36.66 | Success: 0.19
[Stage3_Realism] Ep 500 | Avg Rew: 41.96 | Success: 0.18
[Stage3_Realism] Ep 600 | Avg Rew: 32.35 | Success: 0.14
[Stage3_Realism] Ep 700 | Avg Rew: 50.79 | Success: 0.31
[Stage3_Realism] Ep 800 | Avg Rew: 39.68 | Success: 0.18
[Stage3_Realism] Ep 900 | Avg Rew: 47.24 | Success: 0.26
[Stage3_Realism] Ep 1000 | Avg Rew: 45.73 | Success: 0.27
[Stage3_Realism] Ep 1100 | Avg Rew: 39.56 | Success: 0.23
[Stage3_Realism] Ep 1200 | Avg Rew: 43.75 | Success: 0.23
[Stage3_Realism] Ep 1300 | Avg Rew: 41.12 | Success: 0.21
[Stage3_Realism] Ep 1400 | Avg Rew: 49.79 | Success: 0.25
[Stage3_Realism] Ep 1500 | Avg Rew: 39.89 | Success: 0.21
[Stage3_Realism] Ep 1600 | Avg Rew: 51.70 | Success: 0.30
[Stage3_Realism] Ep 1700 | Avg Rew: 49.16 | Success: 0.30
[Stage3_Realism] Ep 1800 | Avg Rew: 54.84 | Success: 0.33
[Stage3_Realism] Ep 1900 | Avg Rew: 53.41 | Success: 0.32
[Stage3_Realism] Ep 2000 | Avg Rew: 48.27 | Success: 0.33
Checkpoint saved: /workspace/DSA-RL-Tracker/Experiment1/runs/20251223_023810/checkpoints/ckpt_Stage3_Realism_ep2000.pth
Actor-only weights saved: /workspace/DSA-RL-Tracker/Experiment1/runs/20251223_023810/checkpoints/actor_Stage3_Realism_ep2000.pth
[Stage3_Realism] Ep 2100 | Avg Rew: 49.17 | Success: 0.33
[Stage3_Realism] Ep 2200 | Avg Rew: 44.99 | Success: 0.30
[Stage3_Realism] Ep 2300 | Avg Rew: 59.91 | Success: 0.38
[Stage3_Realism] Ep 2400 | Avg Rew: 50.21 | Success: 0.32
[Stage3_Realism] Ep 2500 | Avg Rew: 59.04 | Success: 0.30
[Stage3_Realism] Ep 2600 | Avg Rew: 48.95 | Success: 0.32
[Stage3_Realism] Ep 2700 | Avg Rew: 52.78 | Success: 0.28
[Stage3_Realism] Ep 2800 | Avg Rew: 56.89 | Success: 0.43
[Stage3_Realism] Ep 2900 | Avg Rew: 57.69 | Success: 0.41
[Stage3_Realism] Ep 3000 | Avg Rew: 50.15 | Success: 0.38
[Stage3_Realism] Ep 3100 | Avg Rew: 59.84 | Success: 0.41
[Stage3_Realism] Ep 3200 | Avg Rew: 54.38 | Success: 0.34
[Stage3_Realism] Ep 3300 | Avg Rew: 53.97 | Success: 0.34
[Stage3_Realism] Ep 3400 | Avg Rew: 64.26 | Success: 0.40
[Stage3_Realism] Ep 3500 | Avg Rew: 60.31 | Success: 0.43
[Stage3_Realism] Ep 3600 | Avg Rew: 50.09 | Success: 0.38
[Stage3_Realism] Ep 3700 | Avg Rew: 48.97 | Success: 0.27
[Stage3_Realism] Ep 3800 | Avg Rew: 56.23 | Success: 0.34
[Stage3_Realism] Ep 3900 | Avg Rew: 54.58 | Success: 0.33
[Stage3_Realism] Ep 4000 | Avg Rew: 48.63 | Success: 0.30
Checkpoint saved: /workspace/DSA-RL-Tracker/Experiment1/runs/20251223_023810/checkpoints/ckpt_Stage3_Realism_ep4000.pth
Actor-only weights saved: /workspace/DSA-RL-Tracker/Experiment1/runs/20251223_023810/checkpoints/actor_Stage3_Realism_ep4000.pth
[Stage3_Realism] Ep 4100 | Avg Rew: 58.33 | Success: 0.35
[Stage3_Realism] Ep 4200 | Avg Rew: 63.20 | Success: 0.41
[Stage3_Realism] Ep 4300 | Avg Rew: 54.33 | Success: 0.32
[Stage3_Realism] Ep 4400 | Avg Rew: 50.89 | Success: 0.31
[Stage3_Realism] Ep 4500 | Avg Rew: 55.27 | Success: 0.33
[Stage3_Realism] Ep 4600 | Avg Rew: 53.68 | Success: 0.30
[Stage3_Realism] Ep 4700 | Avg Rew: 48.69 | Success: 0.24
[Stage3_Realism] Ep 4800 | Avg Rew: 51.43 | Success: 0.27
[Stage3_Realism] Ep 4900 | Avg Rew: 58.06 | Success: 0.34
[Stage3_Realism] Ep 5000 | Avg Rew: 46.27 | Success: 0.25
[Stage3_Realism] Ep 5100 | Avg Rew: 59.30 | Success: 0.34
[Stage3_Realism] Ep 5200 | Avg Rew: 60.10 | Success: 0.35
[Stage3_Realism] Ep 5300 | Avg Rew: 54.84 | Success: 0.34
[Stage3_Realism] Ep 5400 | Avg Rew: 53.06 | Success: 0.31
[Stage3_Realism] Ep 5500 | Avg Rew: 56.06 | Success: 0.37
[Stage3_Realism] Ep 5600 | Avg Rew: 51.74 | Success: 0.32
[Stage3_Realism] Ep 5700 | Avg Rew: 51.55 | Success: 0.32
[Stage3_Realism] Ep 5800 | Avg Rew: 56.08 | Success: 0.34
[Stage3_Realism] Ep 5900 | Avg Rew: 56.97 | Success: 0.33
[Stage3_Realism] Ep 6000 | Avg Rew: 54.55 | Success: 0.39
Checkpoint saved: /workspace/DSA-RL-Tracker/Experiment1/runs/20251223_023810/checkpoints/ckpt_Stage3_Realism_ep6000.pth
Actor-only weights saved: /workspace/DSA-RL-Tracker/Experiment1/runs/20251223_023810/checkpoints/actor_Stage3_Realism_ep6000.pth
[Stage3_Realism] Ep 6100 | Avg Rew: 56.18 | Success: 0.36
[Stage3_Realism] Ep 6200 | Avg Rew: 60.84 | Success: 0.38
[Stage3_Realism] Ep 6300 | Avg Rew: 58.95 | Success: 0.47
[Stage3_Realism] Ep 6400 | Avg Rew: 53.56 | Success: 0.37
[Stage3_Realism] Ep 6500 | Avg Rew: 47.61 | Success: 0.27
[Stage3_Realism] Ep 6600 | Avg Rew: 54.96 | Success: 0.34
[Stage3_Realism] Ep 6700 | Avg Rew: 54.93 | Success: 0.38
[Stage3_Realism] Ep 6800 | Avg Rew: 51.91 | Success: 0.33
[Stage3_Realism] Ep 6900 | Avg Rew: 57.99 | Success: 0.40
[Stage3_Realism] Ep 7000 | Avg Rew: 43.07 | Success: 0.24
[Stage3_Realism] Ep 7100 | Avg Rew: 52.03 | Success: 0.31
[Stage3_Realism] Ep 7200 | Avg Rew: 50.92 | Success: 0.37
[Stage3_Realism] Ep 7300 | Avg Rew: 58.24 | Success: 0.37
[Stage3_Realism] Ep 7400 | Avg Rew: 56.50 | Success: 0.35
[Stage3_Realism] Ep 7500 | Avg Rew: 50.57 | Success: 0.33
[Stage3_Realism] Ep 7600 | Avg Rew: 59.06 | Success: 0.33
[Stage3_Realism] Ep 7700 | Avg Rew: 51.13 | Success: 0.31
[Stage3_Realism] Ep 7800 | Avg Rew: 60.88 | Success: 0.38
[Stage3_Realism] Ep 7900 | Avg Rew: 60.71 | Success: 0.39
[Stage3_Realism] Ep 8000 | Avg Rew: 59.79 | Success: 0.37
Checkpoint saved: /workspace/DSA-RL-Tracker/Experiment1/runs/20251223_023810/checkpoints/ckpt_Stage3_Realism_ep8000.pth
Actor-only weights saved: /workspace/DSA-RL-Tracker/Experiment1/runs/20251223_023810/checkpoints/actor_Stage3_Realism_ep8000.pth
[Stage3_Realism] Ep 8100 | Avg Rew: 59.04 | Success: 0.34
[Stage3_Realism] Ep 8200 | Avg Rew: 52.57 | Success: 0.26
[Stage3_Realism] Ep 8300 | Avg Rew: 55.07 | Success: 0.30
[Stage3_Realism] Ep 8400 | Avg Rew: 54.33 | Success: 0.37
[Stage3_Realism] Ep 8500 | Avg Rew: 63.47 | Success: 0.42
[Stage3_Realism] Ep 8600 | Avg Rew: 60.31 | Success: 0.39
[Stage3_Realism] Ep 8700 | Avg Rew: 47.17 | Success: 0.25
[Stage3_Realism] Ep 8800 | Avg Rew: 53.12 | Success: 0.32
[Stage3_Realism] Ep 8900 | Avg Rew: 51.52 | Success: 0.35
[Stage3_Realism] Ep 9000 | Avg Rew: 54.43 | Success: 0.36
[Stage3_Realism] Ep 9100 | Avg Rew: 55.91 | Success: 0.35
[Stage3_Realism] Ep 9200 | Avg Rew: 61.98 | Success: 0.43
[Stage3_Realism] Ep 9300 | Avg Rew: 51.02 | Success: 0.36
[Stage3_Realism] Ep 9400 | Avg Rew: 57.45 | Success: 0.37
[Stage3_Realism] Ep 9500 | Avg Rew: 54.96 | Success: 0.34
[Stage3_Realism] Ep 9600 | Avg Rew: 61.35 | Success: 0.40
[Stage3_Realism] Ep 9700 | Avg Rew: 66.95 | Success: 0.44
[Stage3_Realism] Ep 9800 | Avg Rew: 51.79 | Success: 0.35
[Stage3_Realism] Ep 9900 | Avg Rew: 58.73 | Success: 0.42
[Stage3_Realism] Ep 10000 | Avg Rew: 57.80 | Success: 0.36
Checkpoint saved: /workspace/DSA-RL-Tracker/Experiment1/runs/20251223_023810/checkpoints/ckpt_Stage3_Realism_ep10000.pth
Actor-only weights saved: /workspace/DSA-RL-Tracker/Experiment1/runs/20251223_023810/checkpoints/actor_Stage3_Realism_ep10000.pth
[Stage3_Realism] Ep 10100 | Avg Rew: 62.62 | Success: 0.39
[Stage3_Realism] Ep 10200 | Avg Rew: 55.41 | Success: 0.31
[Stage3_Realism] Ep 10300 | Avg Rew: 58.97 | Success: 0.40
[Stage3_Realism] Ep 10400 | Avg Rew: 55.85 | Success: 0.34
[Stage3_Realism] Ep 10500 | Avg Rew: 62.23 | Success: 0.41
[Stage3_Realism] Ep 10600 | Avg Rew: 64.87 | Success: 0.40
[Stage3_Realism] Ep 10700 | Avg Rew: 61.85 | Success: 0.41
[Stage3_Realism] Ep 10800 | Avg Rew: 67.52 | Success: 0.43
[Stage3_Realism] Ep 10900 | Avg Rew: 56.02 | Success: 0.33
[Stage3_Realism] Ep 11000 | Avg Rew: 60.03 | Success: 0.39
[Stage3_Realism] Ep 11100 | Avg Rew: 61.50 | Success: 0.39
[Stage3_Realism] Ep 11200 | Avg Rew: 55.85 | Success: 0.34
[Stage3_Realism] Ep 11300 | Avg Rew: 61.80 | Success: 0.41
[Stage3_Realism] Ep 11400 | Avg Rew: 62.73 | Success: 0.42
[Stage3_Realism] Ep 11500 | Avg Rew: 70.31 | Success: 0.48
[Stage3_Realism] Ep 11600 | Avg Rew: 60.81 | Success: 0.48
[Stage3_Realism] Ep 11700 | Avg Rew: 50.52 | Success: 0.33
[Stage3_Realism] Ep 11800 | Avg Rew: 53.07 | Success: 0.35
[Stage3_Realism] Ep 11900 | Avg Rew: 56.42 | Success: 0.39
[Stage3_Realism] Ep 12000 | Avg Rew: 54.53 | Success: 0.40
Checkpoint saved: /workspace/DSA-RL-Tracker/Experiment1/runs/20251223_023810/checkpoints/ckpt_Stage3_Realism_ep12000.pth
Actor-only weights saved: /workspace/DSA-RL-Tracker/Experiment1/runs/20251223_023810/checkpoints/actor_Stage3_Realism_ep12000.pth
[Stage3_Realism] Ep 12100 | Avg Rew: 60.71 | Success: 0.39
[Stage3_Realism] Ep 12200 | Avg Rew: 66.47 | Success: 0.46
[Stage3_Realism] Ep 12300 | Avg Rew: 52.66 | Success: 0.33
[Stage3_Realism] Ep 12400 | Avg Rew: 62.98 | Success: 0.41
[Stage3_Realism] Ep 12500 | Avg Rew: 62.34 | Success: 0.39
[Stage3_Realism] Ep 12600 | Avg Rew: 56.47 | Success: 0.34
[Stage3_Realism] Ep 12700 | Avg Rew: 60.99 | Success: 0.46
[Stage3_Realism] Ep 12800 | Avg Rew: 61.22 | Success: 0.36
[Stage3_Realism] Ep 12900 | Avg Rew: 61.52 | Success: 0.45
[Stage3_Realism] Ep 13000 | Avg Rew: 67.03 | Success: 0.47
[Stage3_Realism] Ep 13100 | Avg Rew: 62.15 | Success: 0.40
[Stage3_Realism] Ep 13200 | Avg Rew: 58.17 | Success: 0.39
[Stage3_Realism] Ep 13300 | Avg Rew: 65.05 | Success: 0.40
[Stage3_Realism] Ep 13400 | Avg Rew: 63.55 | Success: 0.42
[Stage3_Realism] Ep 13500 | Avg Rew: 70.95 | Success: 0.50
[Stage3_Realism] Ep 13600 | Avg Rew: 70.58 | Success: 0.41
[Stage3_Realism] Ep 13700 | Avg Rew: 62.38 | Success: 0.45
[Stage3_Realism] Ep 13800 | Avg Rew: 66.36 | Success: 0.44
[Stage3_Realism] Ep 13900 | Avg Rew: 69.09 | Success: 0.47
[Stage3_Realism] Ep 14000 | Avg Rew: 63.29 | Success: 0.40
Checkpoint saved: /workspace/DSA-RL-Tracker/Experiment1/runs/20251223_023810/checkpoints/ckpt_Stage3_Realism_ep14000.pth
Actor-only weights saved: /workspace/DSA-RL-Tracker/Experiment1/runs/20251223_023810/checkpoints/actor_Stage3_Realism_ep14000.pth
[Stage3_Realism] Ep 14100 | Avg Rew: 58.51 | Success: 0.42
[Stage3_Realism] Ep 14200 | Avg Rew: 68.76 | Success: 0.51
[Stage3_Realism] Ep 14300 | Avg Rew: 55.30 | Success: 0.40
[Stage3_Realism] Ep 14400 | Avg Rew: 63.64 | Success: 0.45
[Stage3_Realism] Ep 14500 | Avg Rew: 52.41 | Success: 0.37
[Stage3_Realism] Ep 14600 | Avg Rew: 58.89 | Success: 0.40
[Stage3_Realism] Ep 14700 | Avg Rew: 54.72 | Success: 0.33
[Stage3_Realism] Ep 14800 | Avg Rew: 60.74 | Success: 0.44
[Stage3_Realism] Ep 14900 | Avg Rew: 57.10 | Success: 0.41
[Stage3_Realism] Ep 15000 | Avg Rew: 65.37 | Success: 0.43
Finished Stage3_Realism. Saved model to /workspace/DSA-RL-Tracker/Experiment1/runs/20251223_023810/weights/model_Stage3_Realism_FINAL.pth
Actor-only weights saved: /workspace/DSA-RL-Tracker/Experiment1/runs/20251223_023810/weights/actor_Stage3_Realism_FINAL.pth
