
=============================================
STARTING Stage1
Episodes: 15000 | LR: 0.0001
Global Episode Offset: 0
=============================================
[ENV] On-the-fly curve generation enabled (base_seed=50)
[Stage1] Ep 100 | Avg Rew: -9.17 | Success: 0.00
[Stage1] Ep 200 | Avg Rew: -8.62 | Success: 0.00
[Stage1] Ep 300 | Avg Rew: -3.39 | Success: 0.01
[Stage1] Ep 400 | Avg Rew: -0.34 | Success: 0.04
[Stage1] Ep 500 | Avg Rew: 2.59 | Success: 0.01
[Stage1] Ep 600 | Avg Rew: 7.56 | Success: 0.00
[Stage1] Ep 700 | Avg Rew: 10.25 | Success: 0.06
[Stage1] Ep 800 | Avg Rew: 12.38 | Success: 0.05
[Stage1] Ep 900 | Avg Rew: 21.89 | Success: 0.05
[Stage1] Ep 1000 | Avg Rew: 20.06 | Success: 0.04
[Stage1] Ep 1100 | Avg Rew: 37.28 | Success: 0.12
[Stage1] Ep 1200 | Avg Rew: 44.24 | Success: 0.11
[Stage1] Ep 1300 | Avg Rew: 30.95 | Success: 0.12
[Stage1] Ep 1400 | Avg Rew: 29.57 | Success: 0.10
[Stage1] Ep 1500 | Avg Rew: 38.93 | Success: 0.08
[Stage1] Ep 1600 | Avg Rew: 48.47 | Success: 0.12
[Stage1] Ep 1700 | Avg Rew: 40.44 | Success: 0.11
[Stage1] Ep 1800 | Avg Rew: 47.05 | Success: 0.19
[Stage1] Ep 1900 | Avg Rew: 43.73 | Success: 0.12
[Stage1] Ep 2000 | Avg Rew: 49.04 | Success: 0.12
Checkpoint saved: /home/mahsa.geshvadi001/New_Projects/DSA-RL-Tracker/EXPERIMENTS/New_Generator/EXPERIMENT_1/runs/20260113_223208/checkpoints/ckpt_Stage1_ep2000.pth
Actor-only weights saved: /home/mahsa.geshvadi001/New_Projects/DSA-RL-Tracker/EXPERIMENTS/New_Generator/EXPERIMENT_1/runs/20260113_223208/checkpoints/actor_Stage1_ep2000.pth
[Stage1] Ep 2100 | Avg Rew: 50.04 | Success: 0.10
[Stage1] Ep 2200 | Avg Rew: 66.46 | Success: 0.24
[Stage1] Ep 2300 | Avg Rew: 63.15 | Success: 0.21
[Stage1] Ep 2400 | Avg Rew: 51.57 | Success: 0.16
[Stage1] Ep 2500 | Avg Rew: 67.48 | Success: 0.19
[Stage1] Ep 2600 | Avg Rew: 72.01 | Success: 0.26
[Stage1] Ep 2700 | Avg Rew: 73.73 | Success: 0.16
[Stage1] Ep 2800 | Avg Rew: 77.87 | Success: 0.22
[Stage1] Ep 2900 | Avg Rew: 51.77 | Success: 0.13
[Stage1] Ep 3000 | Avg Rew: 72.27 | Success: 0.22
[Stage1] Ep 3100 | Avg Rew: 76.84 | Success: 0.31
[Stage1] Ep 3200 | Avg Rew: 65.43 | Success: 0.20
[Stage1] Ep 3300 | Avg Rew: 86.52 | Success: 0.26
[Stage1] Ep 3400 | Avg Rew: 78.81 | Success: 0.23
[Stage1] Ep 3500 | Avg Rew: 70.89 | Success: 0.19
[Stage1] Ep 3600 | Avg Rew: 91.04 | Success: 0.25
[Stage1] Ep 3700 | Avg Rew: 92.27 | Success: 0.26
[Stage1] Ep 3800 | Avg Rew: 86.44 | Success: 0.22
[Stage1] Ep 3900 | Avg Rew: 66.54 | Success: 0.19
[Stage1] Ep 4000 | Avg Rew: 58.28 | Success: 0.17
Checkpoint saved: /home/mahsa.geshvadi001/New_Projects/DSA-RL-Tracker/EXPERIMENTS/New_Generator/EXPERIMENT_1/runs/20260113_223208/checkpoints/ckpt_Stage1_ep4000.pth
Actor-only weights saved: /home/mahsa.geshvadi001/New_Projects/DSA-RL-Tracker/EXPERIMENTS/New_Generator/EXPERIMENT_1/runs/20260113_223208/checkpoints/actor_Stage1_ep4000.pth
[Stage1] Ep 4100 | Avg Rew: 89.45 | Success: 0.21
[Stage1] Ep 4200 | Avg Rew: 99.10 | Success: 0.26
[Stage1] Ep 4300 | Avg Rew: 112.88 | Success: 0.31
[Stage1] Ep 4400 | Avg Rew: 78.30 | Success: 0.24
[Stage1] Ep 4500 | Avg Rew: 96.03 | Success: 0.33
[Stage1] Ep 4600 | Avg Rew: 86.17 | Success: 0.29
[Stage1] Ep 4700 | Avg Rew: 80.80 | Success: 0.24
[Stage1] Ep 4800 | Avg Rew: 123.75 | Success: 0.36
[Stage1] Ep 4900 | Avg Rew: 95.79 | Success: 0.26
[Stage1] Ep 5000 | Avg Rew: 102.73 | Success: 0.27
[Stage1] Ep 5100 | Avg Rew: 116.42 | Success: 0.36
[Stage1] Ep 5200 | Avg Rew: 112.25 | Success: 0.30
[Stage1] Ep 5300 | Avg Rew: 103.46 | Success: 0.30
[Stage1] Ep 5400 | Avg Rew: 110.27 | Success: 0.28
[Stage1] Ep 5500 | Avg Rew: 113.36 | Success: 0.36
[Stage1] Ep 5600 | Avg Rew: 108.12 | Success: 0.28
[Stage1] Ep 5700 | Avg Rew: 126.36 | Success: 0.35
[Stage1] Ep 5800 | Avg Rew: 126.45 | Success: 0.33
[Stage1] Ep 5900 | Avg Rew: 97.44 | Success: 0.27
[Stage1] Ep 6000 | Avg Rew: 121.59 | Success: 0.33
Checkpoint saved: /home/mahsa.geshvadi001/New_Projects/DSA-RL-Tracker/EXPERIMENTS/New_Generator/EXPERIMENT_1/runs/20260113_223208/checkpoints/ckpt_Stage1_ep6000.pth
Actor-only weights saved: /home/mahsa.geshvadi001/New_Projects/DSA-RL-Tracker/EXPERIMENTS/New_Generator/EXPERIMENT_1/runs/20260113_223208/checkpoints/actor_Stage1_ep6000.pth
[Stage1] Ep 6100 | Avg Rew: 134.78 | Success: 0.34
[Stage1] Ep 6200 | Avg Rew: 118.56 | Success: 0.30
[Stage1] Ep 6300 | Avg Rew: 121.07 | Success: 0.27
[Stage1] Ep 6400 | Avg Rew: 124.68 | Success: 0.35
[Stage1] Ep 6500 | Avg Rew: 145.50 | Success: 0.38
[Stage1] Ep 6600 | Avg Rew: 124.59 | Success: 0.29
[Stage1] Ep 6700 | Avg Rew: 128.40 | Success: 0.38
[Stage1] Ep 6800 | Avg Rew: 140.01 | Success: 0.44
[Stage1] Ep 6900 | Avg Rew: 134.85 | Success: 0.37
[Stage1] Ep 7000 | Avg Rew: 155.07 | Success: 0.45
[Stage1] Ep 7100 | Avg Rew: 175.39 | Success: 0.44
[Stage1] Ep 7200 | Avg Rew: 148.44 | Success: 0.46
[Stage1] Ep 7300 | Avg Rew: 173.94 | Success: 0.51
[Stage1] Ep 7400 | Avg Rew: 211.63 | Success: 0.59
[Stage1] Ep 7500 | Avg Rew: 194.15 | Success: 0.52
[Stage1] Ep 7600 | Avg Rew: 184.87 | Success: 0.50
[Stage1] Ep 7700 | Avg Rew: 181.56 | Success: 0.41
[Stage1] Ep 7800 | Avg Rew: 177.21 | Success: 0.50
[Stage1] Ep 7900 | Avg Rew: 161.11 | Success: 0.56
[Stage1] Ep 8000 | Avg Rew: 200.89 | Success: 0.56
Checkpoint saved: /home/mahsa.geshvadi001/New_Projects/DSA-RL-Tracker/EXPERIMENTS/New_Generator/EXPERIMENT_1/runs/20260113_223208/checkpoints/ckpt_Stage1_ep8000.pth
Actor-only weights saved: /home/mahsa.geshvadi001/New_Projects/DSA-RL-Tracker/EXPERIMENTS/New_Generator/EXPERIMENT_1/runs/20260113_223208/checkpoints/actor_Stage1_ep8000.pth
[Stage1] Ep 8100 | Avg Rew: 197.31 | Success: 0.56
[Stage1] Ep 8200 | Avg Rew: 191.49 | Success: 0.56
[Stage1] Ep 8300 | Avg Rew: 193.73 | Success: 0.50
[Stage1] Ep 8400 | Avg Rew: 215.74 | Success: 0.64
[Stage1] Ep 8500 | Avg Rew: 221.84 | Success: 0.58
[Stage1] Ep 8600 | Avg Rew: 216.03 | Success: 0.67
[Stage1] Ep 8700 | Avg Rew: 221.04 | Success: 0.65
[Stage1] Ep 8800 | Avg Rew: 243.61 | Success: 0.67
[Stage1] Ep 8900 | Avg Rew: 254.25 | Success: 0.71
[Stage1] Ep 9000 | Avg Rew: 247.47 | Success: 0.76
[Stage1] Ep 9100 | Avg Rew: 244.47 | Success: 0.64
[Stage1] Ep 9200 | Avg Rew: 213.48 | Success: 0.66
[Stage1] Ep 9300 | Avg Rew: 188.53 | Success: 0.68
[Stage1] Ep 9400 | Avg Rew: 208.32 | Success: 0.51
[Stage1] Ep 9500 | Avg Rew: 191.01 | Success: 0.52
[Stage1] Ep 9600 | Avg Rew: 205.32 | Success: 0.62
[Stage1] Ep 9700 | Avg Rew: 203.97 | Success: 0.55
[Stage1] Ep 9800 | Avg Rew: 193.52 | Success: 0.62
[Stage1] Ep 9900 | Avg Rew: 211.59 | Success: 0.58
[Stage1] Ep 10000 | Avg Rew: 186.78 | Success: 0.48
Checkpoint saved: /home/mahsa.geshvadi001/New_Projects/DSA-RL-Tracker/EXPERIMENTS/New_Generator/EXPERIMENT_1/runs/20260113_223208/checkpoints/ckpt_Stage1_ep10000.pth
Actor-only weights saved: /home/mahsa.geshvadi001/New_Projects/DSA-RL-Tracker/EXPERIMENTS/New_Generator/EXPERIMENT_1/runs/20260113_223208/checkpoints/actor_Stage1_ep10000.pth
[Stage1] Ep 10100 | Avg Rew: 236.32 | Success: 0.64
[Stage1] Ep 10200 | Avg Rew: 196.49 | Success: 0.51
[Stage1] Ep 10300 | Avg Rew: 232.67 | Success: 0.55
[Stage1] Ep 10400 | Avg Rew: 244.00 | Success: 0.59
[Stage1] Ep 10500 | Avg Rew: 235.55 | Success: 0.64
[Stage1] Ep 10600 | Avg Rew: 239.65 | Success: 0.67
[Stage1] Ep 10700 | Avg Rew: 233.81 | Success: 0.70
[Stage1] Ep 10800 | Avg Rew: 226.54 | Success: 0.72
[Stage1] Ep 10900 | Avg Rew: 244.23 | Success: 0.71
[Stage1] Ep 11000 | Avg Rew: 241.30 | Success: 0.56
[Stage1] Ep 11100 | Avg Rew: 234.55 | Success: 0.80
[Stage1] Ep 11200 | Avg Rew: 232.65 | Success: 0.79
[Stage1] Ep 11300 | Avg Rew: 262.14 | Success: 0.76
[Stage1] Ep 11400 | Avg Rew: 255.10 | Success: 0.74
[Stage1] Ep 11500 | Avg Rew: 248.60 | Success: 0.67
[Stage1] Ep 11600 | Avg Rew: 240.54 | Success: 0.72
[Stage1] Ep 11700 | Avg Rew: 245.18 | Success: 0.75
[Stage1] Ep 11800 | Avg Rew: 266.47 | Success: 0.72
[Stage1] Ep 11900 | Avg Rew: 240.07 | Success: 0.78
[Stage1] Ep 12000 | Avg Rew: 270.32 | Success: 0.80
Checkpoint saved: /home/mahsa.geshvadi001/New_Projects/DSA-RL-Tracker/EXPERIMENTS/New_Generator/EXPERIMENT_1/runs/20260113_223208/checkpoints/ckpt_Stage1_ep12000.pth
Actor-only weights saved: /home/mahsa.geshvadi001/New_Projects/DSA-RL-Tracker/EXPERIMENTS/New_Generator/EXPERIMENT_1/runs/20260113_223208/checkpoints/actor_Stage1_ep12000.pth
[Stage1] Ep 12100 | Avg Rew: 267.61 | Success: 0.81
[Stage1] Ep 12200 | Avg Rew: 266.16 | Success: 0.75
[Stage1] Ep 12300 | Avg Rew: 278.84 | Success: 0.80
[Stage1] Ep 12400 | Avg Rew: 268.82 | Success: 0.76
[Stage1] Ep 12500 | Avg Rew: 254.88 | Success: 0.76
[Stage1] Ep 12600 | Avg Rew: 262.85 | Success: 0.71
[Stage1] Ep 12700 | Avg Rew: 244.15 | Success: 0.53
[Stage1] Ep 12800 | Avg Rew: 244.66 | Success: 0.79
[Stage1] Ep 12900 | Avg Rew: 252.43 | Success: 0.70
[Stage1] Ep 13000 | Avg Rew: 256.45 | Success: 0.57
[Stage1] Ep 13100 | Avg Rew: 250.35 | Success: 0.67
[Stage1] Ep 13200 | Avg Rew: 285.33 | Success: 0.70
[Stage1] Ep 13300 | Avg Rew: 262.53 | Success: 0.77
[Stage1] Ep 13400 | Avg Rew: 273.34 | Success: 0.81
[Stage1] Ep 13500 | Avg Rew: 274.86 | Success: 0.75
[Stage1] Ep 13600 | Avg Rew: 267.67 | Success: 0.79
[Stage1] Ep 13700 | Avg Rew: 270.54 | Success: 0.85
[Stage1] Ep 13800 | Avg Rew: 268.24 | Success: 0.77
[Stage1] Ep 13900 | Avg Rew: 270.58 | Success: 0.79
[Stage1] Ep 14000 | Avg Rew: 282.67 | Success: 0.74
Checkpoint saved: /home/mahsa.geshvadi001/New_Projects/DSA-RL-Tracker/EXPERIMENTS/New_Generator/EXPERIMENT_1/runs/20260113_223208/checkpoints/ckpt_Stage1_ep14000.pth
Actor-only weights saved: /home/mahsa.geshvadi001/New_Projects/DSA-RL-Tracker/EXPERIMENTS/New_Generator/EXPERIMENT_1/runs/20260113_223208/checkpoints/actor_Stage1_ep14000.pth
[Stage1] Ep 14100 | Avg Rew: 283.37 | Success: 0.74
[Stage1] Ep 14200 | Avg Rew: 260.37 | Success: 0.78
[Stage1] Ep 14300 | Avg Rew: 260.06 | Success: 0.78
[Stage1] Ep 14400 | Avg Rew: 273.45 | Success: 0.72
[Stage1] Ep 14500 | Avg Rew: 276.38 | Success: 0.74
[Stage1] Ep 14600 | Avg Rew: 279.41 | Success: 0.80
[Stage1] Ep 14700 | Avg Rew: 301.10 | Success: 0.73
[Stage1] Ep 14800 | Avg Rew: 300.99 | Success: 0.81
[Stage1] Ep 14900 | Avg Rew: 273.34 | Success: 0.80
[Stage1] Ep 15000 | Avg Rew: 286.99 | Success: 0.75
Finished Stage1. Saved model to /home/mahsa.geshvadi001/New_Projects/DSA-RL-Tracker/EXPERIMENTS/New_Generator/EXPERIMENT_1/runs/20260113_223208/weights/model_Stage1_FINAL.pth
✅ Added Stage1 to previous stages pool (total: 1 stages)
Actor-only weights saved: /home/mahsa.geshvadi001/New_Projects/DSA-RL-Tracker/EXPERIMENTS/New_Generator/EXPERIMENT_1/runs/20260113_223208/weights/actor_Stage1_FINAL.pth

=============================================
STARTING Stage2
Episodes: 30000 | LR: 0.0001
Global Episode Offset: 30000
=============================================
[ENV] On-the-fly curve generation enabled (base_seed=50)
